Using pre-set license
Built from '2020.2/release' branch; Version is '2020.2.2f1 (068178b99f32) revision 426360'; Using compiler version '192528614'; Build Type 'Release'
OS: 'Windows 10 Home; OS build 19043.1288; Version 2009; 64bit' Language: 'en' Physical Memory: 16138 MB
BatchMode: 1, IsHumanControllingUs: 0, StartBugReporterOnCrash: 0, Is64bit: 1, IsPro: 0

 COMMAND LINE ARGUMENTS:
C:\Program Files\Unity\Editor\Unity.exe
-adb2
-batchMode
-noUpm
-name
AssetImportWorker0
-projectPath
C:/Users/seven/Documents/tafe/cert iv digital and interactive games/AI/Assessment 2 - Pathfinding/GUI-GS-Assingment
-logFile
Logs/AssetImportWorker0.log
-srvPort
60192
Successfully changed project path to: C:/Users/seven/Documents/tafe/cert iv digital and interactive games/AI/Assessment 2 - Pathfinding/GUI-GS-Assingment
C:/Users/seven/Documents/tafe/cert iv digital and interactive games/AI/Assessment 2 - Pathfinding/GUI-GS-Assingment
Using Asset Import Pipeline V2.
Refreshing native plugins compatible for Editor in 55.29 ms, found 0 plugins.
Preloading 0 native plugins for Editor in 0.00 ms.
Initialize engine version: 2020.2.2f1 (068178b99f32)
[Subsystems] Discovering subsystems at path C:/Program Files/Unity/Editor/Data/Resources/UnitySubsystems
[Subsystems] Discovering subsystems at path C:/Users/seven/Documents/tafe/cert iv digital and interactive games/AI/Assessment 2 - Pathfinding/GUI-GS-Assingment/Assets
GfxDevice: creating device client; threaded=0
Direct3D:
    Version:  Direct3D 11.0 [level 11.1]
    Renderer: Intel(R) Iris(R) Plus Graphics (ID=0x8a52)
    Vendor:   
    VRAM:     8069 MB
    Driver:   27.20.100.9664
Initialize mono
Mono path[0] = 'C:/Program Files/Unity/Editor/Data/Managed'
Mono path[1] = 'C:/Program Files/Unity/Editor/Data/MonoBleedingEdge/lib/mono/unityjit'
Mono config path = 'C:/Program Files/Unity/Editor/Data/MonoBleedingEdge/etc'
Using monoOptions --debugger-agent=transport=dt_socket,embedding=1,server=y,suspend=n,address=127.0.0.1:56212
Begin MonoManager ReloadAssembly
Registering precompiled unity dll's ...
Register platform support module: C:/Program Files/Unity/Editor/Data/PlaybackEngines/WindowsStandaloneSupport/UnityEditor.WindowsStandalone.Extensions.dll
Registered in 0.001873 seconds.
Native extension for WindowsStandalone target not found
Refreshing native plugins compatible for Editor in 31.27 ms, found 0 plugins.
Preloading 0 native plugins for Editor in 0.00 ms.
Invoked RoslynAnalysisRunner static constructor.
RoslynAnalysisRunner will not be running.
RoslynAnalysisRunner has terminated.
Mono: successfully reloaded assembly
- Completed reload, in  1.401 seconds
Platform modules already initialized, skipping
Registering precompiled user dll's ...
Registered in 0.000950 seconds.
Begin MonoManager ReloadAssembly
Native extension for WindowsStandalone target not found
Refreshing native plugins compatible for Editor in 0.33 ms, found 0 plugins.
Preloading 0 native plugins for Editor in 0.00 ms.
Invoked RoslynAnalysisRunner static constructor.
RoslynAnalysisRunner will not be running.
RoslynAnalysisRunner has terminated.
Mono: successfully reloaded assembly
- Completed reload, in  1.177 seconds
Platform modules already initialized, skipping
========================================================================
Worker process is ready to serve import requests
Launched and connected shader compiler UnityShaderCompiler.exe after 0.06 seconds
Refreshing native plugins compatible for Editor in 0.18 ms, found 0 plugins.
Preloading 0 native plugins for Editor in 0.00 ms.
Unloading 1100 Unused Serialized files (Serialized files now loaded: 0)
System memory in use before: 57.0 MB.
System memory in use after: 57.0 MB.

Unloading 10 unused Assets to reduce memory usage. Loaded Objects now: 1542.
Total: 3.361300 ms (FindLiveObjects: 0.243600 ms CreateObjectMapping: 0.083600 ms MarkObjects: 2.828200 ms  DeleteObjects: 0.202100 ms)

========================================================================
Received Import Request.
  path: Assets/Scenes/Gameplay.unity
  artifactKey: Guid(d11862f1263340d4c8dcc9df9194f328) Importer(815301076,1909f56bfc062723c751e8b465ee728b)
Start importing Assets/Scenes/Gameplay.unity using Guid(d11862f1263340d4c8dcc9df9194f328) Importer(815301076,1909f56bfc062723c751e8b465ee728b)  -> (artifact id: 'a81d79c79b0804181890842c6a27c67a') in 0.031338 seconds
  Import took 0.034958 seconds .

========================================================================
Received Import Request.
  Time since last request: 1462.454621 seconds.
  path: Assets/Scripts/ButtonManager.cs
  artifactKey: Guid(8a4374d4d3250924cb09bb027aa84ff0) Importer(815301076,1909f56bfc062723c751e8b465ee728b)
Start importing Assets/Scripts/ButtonManager.cs using Guid(8a4374d4d3250924cb09bb027aa84ff0) Importer(815301076,1909f56bfc062723c751e8b465ee728b)  -> (artifact id: '1c1d09d9ccc421a1f5797704f3ce5fa3') in 0.094974 seconds
  Import took 0.098681 seconds .

========================================================================
Received Import Request.
  Time since last request: 6.973253 seconds.
  path: Assets/Scripts/MenuHandler.cs
  artifactKey: Guid(8a4374d4d3250924cb09bb027aa84ff0) Importer(815301076,1909f56bfc062723c751e8b465ee728b)
Start importing Assets/Scripts/MenuHandler.cs using Guid(8a4374d4d3250924cb09bb027aa84ff0) Importer(815301076,1909f56bfc062723c751e8b465ee728b)  -> (artifact id: 'bb9497fc1066c51e421530c062df301c') in 0.023127 seconds
  Import took 0.038422 seconds .

========================================================================
Received Import Request.
  Time since last request: 24.376485 seconds.
  path: Assets/Scripts/MenuHandler.cs
  artifactKey: Guid(8a4374d4d3250924cb09bb027aa84ff0) Importer(815301076,1909f56bfc062723c751e8b465ee728b)
Start importing Assets/Scripts/MenuHandler.cs using Guid(8a4374d4d3250924cb09bb027aa84ff0) Importer(815301076,1909f56bfc062723c751e8b465ee728b)  -> (artifact id: '2f893da2a74208fba536659e9bb3086e') in 0.003684 seconds
  Import took 0.006880 seconds .

========================================================================
Received Import Request.
  Time since last request: 0.013043 seconds.
  path: Assets/Scripts/MenuHandler.cs
  artifactKey: Guid(8a4374d4d3250924cb09bb027aa84ff0) Importer(815301076,1909f56bfc062723c751e8b465ee728b)
Start importing Assets/Scripts/MenuHandler.cs using Guid(8a4374d4d3250924cb09bb027aa84ff0) Importer(815301076,1909f56bfc062723c751e8b465ee728b)  -> (artifact id: '2f893da2a74208fba536659e9bb3086e') in 0.006665 seconds
  Import took 0.009434 seconds .

========================================================================
Received Prepare
Registering precompiled user dll's ...
Registered in 0.000944 seconds.
Begin MonoManager ReloadAssembly
Native extension for WindowsStandalone target not found
Refreshing native plugins compatible for Editor in 0.32 ms, found 0 plugins.
Preloading 0 native plugins for Editor in 0.00 ms.
Invoked RoslynAnalysisRunner static constructor.
RoslynAnalysisRunner will not be running.
RoslynAnalysisRunner has terminated.
Mono: successfully reloaded assembly
- Completed reload, in  1.793 seconds
Platform modules already initialized, skipping
Refreshing native plugins compatible for Editor in 0.22 ms, found 0 plugins.
Preloading 0 native plugins for Editor in 0.00 ms.
Unloading 1095 Unused Serialized files (Serialized files now loaded: 0)
System memory in use before: 57.0 MB.
System memory in use after: 57.1 MB.

Unloading 5 unused Assets to reduce memory usage. Loaded Objects now: 1544.
Total: 13.974100 ms (FindLiveObjects: 0.294700 ms CreateObjectMapping: 4.432100 ms MarkObjects: 9.158000 ms  DeleteObjects: 0.086700 ms)

========================================================================
Received Import Request.
  Time since last request: 23.970574 seconds.
  path: Assets/Scenes/MainMenu.unity
  artifactKey: Guid(9fc0d4010bbf28b4594072e72b8655ab) Importer(815301076,1909f56bfc062723c751e8b465ee728b)
Start importing Assets/Scenes/MainMenu.unity using Guid(9fc0d4010bbf28b4594072e72b8655ab) Importer(815301076,1909f56bfc062723c751e8b465ee728b)  -> (artifact id: '6f956f72cd2b7af731fb3adf565fa7e7') in 0.024914 seconds
  Import took 0.071336 seconds .

========================================================================
Received Import Request.
  Time since last request: 104.707560 seconds.
  path: Assets/Scripts/MenuManager.cs
  artifactKey: Guid(e35b4a41623ba3445996752988dfa24a) Importer(815301076,1909f56bfc062723c751e8b465ee728b)
Start importing Assets/Scripts/MenuManager.cs using Guid(e35b4a41623ba3445996752988dfa24a) Importer(815301076,1909f56bfc062723c751e8b465ee728b)  -> (artifact id: '9bd5792daf8b1ea6855bbcbf619c3c8d') in 0.018817 seconds
  Import took 0.023046 seconds .

========================================================================
Received Import Request.
  Time since last request: 0.001646 seconds.
  path: Assets/Scripts/MenuManager.cs
  artifactKey: Guid(e35b4a41623ba3445996752988dfa24a) Importer(815301076,1909f56bfc062723c751e8b465ee728b)
Start importing Assets/Scripts/MenuManager.cs using Guid(e35b4a41623ba3445996752988dfa24a) Importer(815301076,1909f56bfc062723c751e8b465ee728b)  -> (artifact id: '9bd5792daf8b1ea6855bbcbf619c3c8d') in 0.009855 seconds
  Import took 0.012496 seconds .

========================================================================
Received Prepare
Registering precompiled user dll's ...
Registered in 0.000824 seconds.
Begin MonoManager ReloadAssembly
Native extension for WindowsStandalone target not found
Refreshing native plugins compatible for Editor in 0.33 ms, found 0 plugins.
Preloading 0 native plugins for Editor in 0.00 ms.
Invoked RoslynAnalysisRunner static constructor.
RoslynAnalysisRunner will not be running.
RoslynAnalysisRunner has terminated.
Mono: successfully reloaded assembly
- Completed reload, in  1.095 seconds
Platform modules already initialized, skipping
Refreshing native plugins compatible for Editor in 0.18 ms, found 0 plugins.
Preloading 0 native plugins for Editor in 0.00 ms.
Unloading 1096 Unused Serialized files (Serialized files now loaded: 0)
System memory in use before: 57.2 MB.
System memory in use after: 57.2 MB.

Unloading 5 unused Assets to reduce memory usage. Loaded Objects now: 1547.
Total: 4.184600 ms (FindLiveObjects: 1.349400 ms CreateObjectMapping: 0.331600 ms MarkObjects: 2.436100 ms  DeleteObjects: 0.065000 ms)

========================================================================
Received Prepare
Registering precompiled user dll's ...
Registered in 0.000776 seconds.
Begin MonoManager ReloadAssembly
Native extension for WindowsStandalone target not found
Refreshing native plugins compatible for Editor in 0.18 ms, found 0 plugins.
Preloading 0 native plugins for Editor in 0.00 ms.
Invoked RoslynAnalysisRunner static constructor.
RoslynAnalysisRunner will not be running.
RoslynAnalysisRunner has terminated.
Mono: successfully reloaded assembly
- Completed reload, in  1.022 seconds
Platform modules already initialized, skipping
Refreshing native plugins compatible for Editor in 0.35 ms, found 0 plugins.
Preloading 0 native plugins for Editor in 0.00 ms.
Unloading 1096 Unused Serialized files (Serialized files now loaded: 0)
System memory in use before: 57.3 MB.
System memory in use after: 57.3 MB.

Unloading 5 unused Assets to reduce memory usage. Loaded Objects now: 1549.
Total: 3.289200 ms (FindLiveObjects: 0.163000 ms CreateObjectMapping: 0.058100 ms MarkObjects: 2.917300 ms  DeleteObjects: 0.148600 ms)

========================================================================
Received Import Request.
  Time since last request: 19.389535 seconds.
  path: Assets/Scripts/MenuManager.cs
  artifactKey: Guid(e35b4a41623ba3445996752988dfa24a) Importer(815301076,1909f56bfc062723c751e8b465ee728b)
Start importing Assets/Scripts/MenuManager.cs using Guid(e35b4a41623ba3445996752988dfa24a) Importer(815301076,1909f56bfc062723c751e8b465ee728b)  -> (artifact id: '83c1a9dd868976d5e71d2389c80aec88') in 0.011246 seconds
  Import took 0.054835 seconds .

========================================================================
Received Prepare
Registering precompiled user dll's ...
Registered in 0.000647 seconds.
Begin MonoManager ReloadAssembly
Native extension for WindowsStandalone target not found
Refreshing native plugins compatible for Editor in 0.33 ms, found 0 plugins.
Preloading 0 native plugins for Editor in 0.00 ms.
Invoked RoslynAnalysisRunner static constructor.
RoslynAnalysisRunner will not be running.
RoslynAnalysisRunner has terminated.
Mono: successfully reloaded assembly
- Completed reload, in  1.267 seconds
Platform modules already initialized, skipping
Refreshing native plugins compatible for Editor in 0.19 ms, found 0 plugins.
Preloading 0 native plugins for Editor in 0.00 ms.
Unloading 1095 Unused Serialized files (Serialized files now loaded: 0)
System memory in use before: 57.3 MB.
System memory in use after: 57.4 MB.

Unloading 6 unused Assets to reduce memory usage. Loaded Objects now: 1550.
Total: 3.445500 ms (FindLiveObjects: 0.532700 ms CreateObjectMapping: 0.109100 ms MarkObjects: 2.597700 ms  DeleteObjects: 0.204400 ms)

========================================================================
Received Import Request.
  Time since last request: 831.318967 seconds.
  path: Assets/Scripts/PressHandler.cs
  artifactKey: Guid(dc854a26d3473eb4da92183b922021ca) Importer(815301076,1909f56bfc062723c751e8b465ee728b)
Start importing Assets/Scripts/PressHandler.cs using Guid(dc854a26d3473eb4da92183b922021ca) Importer(815301076,1909f56bfc062723c751e8b465ee728b)  -> (artifact id: '14d40cea594a7adbd75b1201247f0327') in 0.021615 seconds
  Import took 0.027411 seconds .

========================================================================
Received Prepare
Registering precompiled user dll's ...
Registered in 0.000608 seconds.
Begin MonoManager ReloadAssembly
Native extension for WindowsStandalone target not found
Refreshing native plugins compatible for Editor in 0.40 ms, found 0 plugins.
Preloading 0 native plugins for Editor in 0.00 ms.
Invoked RoslynAnalysisRunner static constructor.
RoslynAnalysisRunner will not be running.
RoslynAnalysisRunner has terminated.
Mono: successfully reloaded assembly
- Completed reload, in  1.167 seconds
Platform modules already initialized, skipping
Refreshing native plugins compatible for Editor in 0.30 ms, found 0 plugins.
Preloading 0 native plugins for Editor in 0.00 ms.
Unloading 1096 Unused Serialized files (Serialized files now loaded: 0)
System memory in use before: 57.4 MB.
System memory in use after: 57.5 MB.

Unloading 5 unused Assets to reduce memory usage. Loaded Objects now: 1553.
Total: 4.268500 ms (FindLiveObjects: 0.149700 ms CreateObjectMapping: 0.029200 ms MarkObjects: 3.988300 ms  DeleteObjects: 0.100000 ms)

========================================================================
Received Import Request.
  Time since last request: 10.617352 seconds.
  path: Assets/Scripts/Menu Scripts
  artifactKey: Guid(085b432a43eafeb439cfb2eaa23ded0f) Importer(815301076,1909f56bfc062723c751e8b465ee728b)
Start importing Assets/Scripts/Menu Scripts using Guid(085b432a43eafeb439cfb2eaa23ded0f) Importer(815301076,1909f56bfc062723c751e8b465ee728b)  -> (artifact id: 'cb7594de49b06efdf358e024b7140be1') in 0.012786 seconds
  Import took 0.015257 seconds .

========================================================================
Received Import Request.
  Time since last request: 0.001942 seconds.
  path: Assets/Scripts/Menu Scripts
  artifactKey: Guid(085b432a43eafeb439cfb2eaa23ded0f) Importer(815301076,1909f56bfc062723c751e8b465ee728b)
Start importing Assets/Scripts/Menu Scripts using Guid(085b432a43eafeb439cfb2eaa23ded0f) Importer(815301076,1909f56bfc062723c751e8b465ee728b)  -> (artifact id: 'cb7594de49b06efdf358e024b7140be1') in 0.004584 seconds
  Import took 0.007827 seconds .

========================================================================
Received Prepare
Registering precompiled user dll's ...
Registered in 0.000633 seconds.
Begin MonoManager ReloadAssembly
Native extension for WindowsStandalone target not found
Refreshing native plugins compatible for Editor in 0.21 ms, found 0 plugins.
Preloading 0 native plugins for Editor in 0.00 ms.
Invoked RoslynAnalysisRunner static constructor.
RoslynAnalysisRunner will not be running.
RoslynAnalysisRunner has terminated.
Mono: successfully reloaded assembly
- Completed reload, in  0.987 seconds
Platform modules already initialized, skipping
Refreshing native plugins compatible for Editor in 0.57 ms, found 0 plugins.
Preloading 0 native plugins for Editor in 0.00 ms.
Unloading 1096 Unused Serialized files (Serialized files now loaded: 0)
System memory in use before: 57.6 MB.
System memory in use after: 57.6 MB.

Unloading 5 unused Assets to reduce memory usage. Loaded Objects now: 1555.
Total: 2.972900 ms (FindLiveObjects: 0.230700 ms CreateObjectMapping: 0.142100 ms MarkObjects: 2.508100 ms  DeleteObjects: 0.089100 ms)

========================================================================
Received Prepare
Registering precompiled user dll's ...
Registered in 0.000930 seconds.
Begin MonoManager ReloadAssembly
Native extension for WindowsStandalone target not found
Refreshing native plugins compatible for Editor in 0.62 ms, found 0 plugins.
Preloading 0 native plugins for Editor in 0.00 ms.
Invoked RoslynAnalysisRunner static constructor.
RoslynAnalysisRunner will not be running.
RoslynAnalysisRunner has terminated.
Mono: successfully reloaded assembly
- Completed reload, in  1.002 seconds
Platform modules already initialized, skipping
Refreshing native plugins compatible for Editor in 0.59 ms, found 0 plugins.
Preloading 0 native plugins for Editor in 0.00 ms.
Unloading 1096 Unused Serialized files (Serialized files now loaded: 0)
System memory in use before: 57.7 MB.
System memory in use after: 57.7 MB.

Unloading 5 unused Assets to reduce memory usage. Loaded Objects now: 1557.
Total: 3.985900 ms (FindLiveObjects: 0.285300 ms CreateObjectMapping: 0.047700 ms MarkObjects: 3.448300 ms  DeleteObjects: 0.201800 ms)

========================================================================
Received Prepare
Registering precompiled user dll's ...
Registered in 0.000630 seconds.
Begin MonoManager ReloadAssembly
Native extension for WindowsStandalone target not found
Refreshing native plugins compatible for Editor in 0.24 ms, found 0 plugins.
Preloading 0 native plugins for Editor in 0.00 ms.
Invoked RoslynAnalysisRunner static constructor.
RoslynAnalysisRunner will not be running.
RoslynAnalysisRunner has terminated.
Mono: successfully reloaded assembly
- Completed reload, in  1.003 seconds
Platform modules already initialized, skipping
Refreshing native plugins compatible for Editor in 0.21 ms, found 0 plugins.
Preloading 0 native plugins for Editor in 0.00 ms.
Unloading 1096 Unused Serialized files (Serialized files now loaded: 0)
System memory in use before: 57.7 MB.
System memory in use after: 57.8 MB.

Unloading 5 unused Assets to reduce memory usage. Loaded Objects now: 1559.
Total: 2.857100 ms (FindLiveObjects: 0.331700 ms CreateObjectMapping: 0.051100 ms MarkObjects: 2.302500 ms  DeleteObjects: 0.170700 ms)

========================================================================
Received Prepare
Registering precompiled user dll's ...
Registered in 0.000750 seconds.
Begin MonoManager ReloadAssembly
Native extension for WindowsStandalone target not found
Refreshing native plugins compatible for Editor in 0.18 ms, found 0 plugins.
Preloading 0 native plugins for Editor in 0.00 ms.
Invoked RoslynAnalysisRunner static constructor.
RoslynAnalysisRunner will not be running.
RoslynAnalysisRunner has terminated.
Mono: successfully reloaded assembly
- Completed reload, in  1.203 seconds
Platform modules already initialized, skipping
Refreshing native plugins compatible for Editor in 0.16 ms, found 0 plugins.
Preloading 0 native plugins for Editor in 0.00 ms.
Unloading 1096 Unused Serialized files (Serialized files now loaded: 0)
System memory in use before: 57.8 MB.
System memory in use after: 57.9 MB.

Unloading 5 unused Assets to reduce memory usage. Loaded Objects now: 1561.
Total: 3.616900 ms (FindLiveObjects: 0.907000 ms CreateObjectMapping: 0.234200 ms MarkObjects: 2.268400 ms  DeleteObjects: 0.205400 ms)

========================================================================
Received Prepare
Registering precompiled user dll's ...
Registered in 0.000955 seconds.
Begin MonoManager ReloadAssembly
Native extension for WindowsStandalone target not found
Refreshing native plugins compatible for Editor in 0.35 ms, found 0 plugins.
Preloading 0 native plugins for Editor in 0.00 ms.
Invoked RoslynAnalysisRunner static constructor.
RoslynAnalysisRunner will not be running.
RoslynAnalysisRunner has terminated.
Mono: successfully reloaded assembly
- Completed reload, in  1.170 seconds
Platform modules already initialized, skipping
Refreshing native plugins compatible for Editor in 0.46 ms, found 0 plugins.
Preloading 0 native plugins for Editor in 0.00 ms.
Unloading 1096 Unused Serialized files (Serialized files now loaded: 0)
System memory in use before: 57.9 MB.
System memory in use after: 58.0 MB.

Unloading 5 unused Assets to reduce memory usage. Loaded Objects now: 1563.
Total: 3.011700 ms (FindLiveObjects: 0.269300 ms CreateObjectMapping: 0.070900 ms MarkObjects: 2.555800 ms  DeleteObjects: 0.113700 ms)

========================================================================
Received Import Request.
  Time since last request: 968.129913 seconds.
  path: Assets/Scripts/Menu Scripts/ButtonHandler.cs
  artifactKey: Guid(a97fbc8c3609bc9428e7b3ea7c807190) Importer(815301076,1909f56bfc062723c751e8b465ee728b)
Start importing Assets/Scripts/Menu Scripts/ButtonHandler.cs using Guid(a97fbc8c3609bc9428e7b3ea7c807190) Importer(815301076,1909f56bfc062723c751e8b465ee728b)  -> (artifact id: '1fed859edda97816fec64c6b9b84ff42') in 0.035145 seconds
  Import took 0.040290 seconds .

========================================================================
Received Import Request.
  Time since last request: 0.002144 seconds.
  path: Assets/Scripts/Menu Scripts/ButtonHandler.cs
  artifactKey: Guid(a97fbc8c3609bc9428e7b3ea7c807190) Importer(815301076,1909f56bfc062723c751e8b465ee728b)
Start importing Assets/Scripts/Menu Scripts/ButtonHandler.cs using Guid(a97fbc8c3609bc9428e7b3ea7c807190) Importer(815301076,1909f56bfc062723c751e8b465ee728b)  -> (artifact id: '1fed859edda97816fec64c6b9b84ff42') in 0.008716 seconds
  Import took 0.012846 seconds .

========================================================================
Received Prepare
Registering precompiled user dll's ...
Registered in 0.001944 seconds.
Begin MonoManager ReloadAssembly
Native extension for WindowsStandalone target not found
Refreshing native plugins compatible for Editor in 0.46 ms, found 0 plugins.
Preloading 0 native plugins for Editor in 0.00 ms.
Invoked RoslynAnalysisRunner static constructor.
RoslynAnalysisRunner will not be running.
RoslynAnalysisRunner has terminated.
Mono: successfully reloaded assembly
- Completed reload, in  2.471 seconds
Platform modules already initialized, skipping
Refreshing native plugins compatible for Editor in 0.48 ms, found 0 plugins.
Preloading 0 native plugins for Editor in 0.00 ms.
Unloading 1097 Unused Serialized files (Serialized files now loaded: 0)
System memory in use before: 58.0 MB.
System memory in use after: 58.1 MB.

Unloading 5 unused Assets to reduce memory usage. Loaded Objects now: 1566.
Total: 4.842800 ms (FindLiveObjects: 0.182600 ms CreateObjectMapping: 0.048700 ms MarkObjects: 4.392200 ms  DeleteObjects: 0.217100 ms)

========================================================================
Received Import Request.
  Time since last request: 76.125210 seconds.
  path: Assets/Scripts/Menu Scripts/MenuHandler.cs
  artifactKey: Guid(8a4374d4d3250924cb09bb027aa84ff0) Importer(815301076,1909f56bfc062723c751e8b465ee728b)
Start importing Assets/Scripts/Menu Scripts/MenuHandler.cs using Guid(8a4374d4d3250924cb09bb027aa84ff0) Importer(815301076,1909f56bfc062723c751e8b465ee728b)  -> (artifact id: 'b878680de0cbcf04b7d93f8800a5b08f') in 0.012886 seconds
  Import took 0.016748 seconds .

========================================================================
Received Prepare
Registering precompiled user dll's ...
Registered in 0.001094 seconds.
Begin MonoManager ReloadAssembly
Native extension for WindowsStandalone target not found
Refreshing native plugins compatible for Editor in 0.20 ms, found 0 plugins.
Preloading 0 native plugins for Editor in 0.00 ms.
Invoked RoslynAnalysisRunner static constructor.
RoslynAnalysisRunner will not be running.
RoslynAnalysisRunner has terminated.
Mono: successfully reloaded assembly
- Completed reload, in  1.087 seconds
Platform modules already initialized, skipping
Refreshing native plugins compatible for Editor in 0.25 ms, found 0 plugins.
Preloading 0 native plugins for Editor in 0.00 ms.
Unloading 1097 Unused Serialized files (Serialized files now loaded: 0)
System memory in use before: 58.0 MB.
System memory in use after: 58.1 MB.

Unloading 5 unused Assets to reduce memory usage. Loaded Objects now: 1568.
Total: 3.248900 ms (FindLiveObjects: 0.155900 ms CreateObjectMapping: 0.077600 ms MarkObjects: 2.845700 ms  DeleteObjects: 0.152100 ms)

AssetImportWorkerClient::OnTransportError - code=2 error=End of file
