Using pre-set license
Built from '2020.2/release' branch; Version is '2020.2.2f1 (068178b99f32) revision 426360'; Using compiler version '192528614'; Build Type 'Release'
OS: 'Windows 10 Home; OS build 19043.1348; Version 2009; 64bit' Language: 'en' Physical Memory: 16138 MB
BatchMode: 1, IsHumanControllingUs: 0, StartBugReporterOnCrash: 0, Is64bit: 1, IsPro: 0

 COMMAND LINE ARGUMENTS:
C:\Program Files\Unity\Editor\Unity.exe
-adb2
-batchMode
-noUpm
-name
AssetImportWorker1
-projectPath
C:/Users/seven/Documents/tafe/cert iv digital and interactive games/GUI/Assessment 1/GUI-GS-Assingment
-logFile
Logs/AssetImportWorker1.log
-srvPort
59219
Successfully changed project path to: C:/Users/seven/Documents/tafe/cert iv digital and interactive games/GUI/Assessment 1/GUI-GS-Assingment
C:/Users/seven/Documents/tafe/cert iv digital and interactive games/GUI/Assessment 1/GUI-GS-Assingment
Using Asset Import Pipeline V2.
Refreshing native plugins compatible for Editor in 31.31 ms, found 0 plugins.
Preloading 0 native plugins for Editor in 0.00 ms.
Initialize engine version: 2020.2.2f1 (068178b99f32)
[Subsystems] Discovering subsystems at path C:/Program Files/Unity/Editor/Data/Resources/UnitySubsystems
[Subsystems] Discovering subsystems at path C:/Users/seven/Documents/tafe/cert iv digital and interactive games/GUI/Assessment 1/GUI-GS-Assingment/Assets
GfxDevice: creating device client; threaded=0
Direct3D:
    Version:  Direct3D 11.0 [level 11.1]
    Renderer: Intel(R) Iris(R) Plus Graphics (ID=0x8a52)
    Vendor:   
    VRAM:     8069 MB
    Driver:   27.20.100.9664
Initialize mono
Mono path[0] = 'C:/Program Files/Unity/Editor/Data/Managed'
Mono path[1] = 'C:/Program Files/Unity/Editor/Data/MonoBleedingEdge/lib/mono/unityjit'
Mono config path = 'C:/Program Files/Unity/Editor/Data/MonoBleedingEdge/etc'
Using monoOptions --debugger-agent=transport=dt_socket,embedding=1,server=y,suspend=n,address=127.0.0.1:56284
Begin MonoManager ReloadAssembly
Registering precompiled unity dll's ...
Register platform support module: C:/Program Files/Unity/Editor/Data/PlaybackEngines/WindowsStandaloneSupport/UnityEditor.WindowsStandalone.Extensions.dll
Registered in 0.003431 seconds.
Native extension for WindowsStandalone target not found
Refreshing native plugins compatible for Editor in 39.88 ms, found 0 plugins.
Preloading 0 native plugins for Editor in 0.00 ms.
Invoked RoslynAnalysisRunner static constructor.
RoslynAnalysisRunner will not be running.
RoslynAnalysisRunner has terminated.
Mono: successfully reloaded assembly
- Completed reload, in  1.332 seconds
Platform modules already initialized, skipping
Registering precompiled user dll's ...
Registered in 0.000735 seconds.
Begin MonoManager ReloadAssembly
Native extension for WindowsStandalone target not found
Refreshing native plugins compatible for Editor in 0.28 ms, found 0 plugins.
Preloading 0 native plugins for Editor in 0.00 ms.
Invoked RoslynAnalysisRunner static constructor.
RoslynAnalysisRunner will not be running.
RoslynAnalysisRunner has terminated.
Mono: successfully reloaded assembly
- Completed reload, in  0.918 seconds
Platform modules already initialized, skipping
========================================================================
Worker process is ready to serve import requests
Shader 'Toon/Lighted Outline': fallback shader 'Toon/Lighted' not found
WARNING: Shader Unsupported: 'Toon/Lighted Outline' - All subshaders removed
WARNING: Shader Did you use #pragma only_renderers and omit this platform?
WARNING: Shader If subshaders removal was intentional, you may have forgotten turning Fallback off?
WARNING: Shader Unsupported: 'Toon/Lighted Outline' - All subshaders removed
WARNING: Shader Did you use #pragma only_renderers and omit this platform?
WARNING: Shader If subshaders removal was intentional, you may have forgotten turning Fallback off?
Shader 'Toon/Lighted Outline': fallback shader 'Toon/Lighted' not found
WARNING: Shader Unsupported: 'Toon/Lighted Outline' - All subshaders removed
WARNING: Shader Did you use #pragma only_renderers and omit this platform?
WARNING: Shader If subshaders removal was intentional, you may have forgotten turning Fallback off?
WARNING: Shader Unsupported: 'Toon/Lighted Outline' - All subshaders removed
WARNING: Shader Did you use #pragma only_renderers and omit this platform?
WARNING: Shader If subshaders removal was intentional, you may have forgotten turning Fallback off?
Launched and connected shader compiler UnityShaderCompiler.exe after 0.06 seconds
Refreshing native plugins compatible for Editor in 0.24 ms, found 0 plugins.
Preloading 0 native plugins for Editor in 0.00 ms.
Unloading 1168 Unused Serialized files (Serialized files now loaded: 0)
System memory in use before: 73.7 MB.
System memory in use after: 73.8 MB.

Unloading 11 unused Assets to reduce memory usage. Loaded Objects now: 1637.
Total: 1.423700 ms (FindLiveObjects: 0.105000 ms CreateObjectMapping: 0.030100 ms MarkObjects: 1.163300 ms  DeleteObjects: 0.124300 ms)

========================================================================
Received Import Request.
  path: Assets/Resources/Icons/Potion/pt3.png
  artifactKey: Guid(c4faeeb6fb4872c418b2253a0839d91c) Importer(815301076,1909f56bfc062723c751e8b465ee728b)
Start importing Assets/Resources/Icons/Potion/pt3.png using Guid(c4faeeb6fb4872c418b2253a0839d91c) Importer(815301076,1909f56bfc062723c751e8b465ee728b)  -> (artifact id: '47720a2fd28e6cd8a2aefa001321c6b6') in 0.079045 seconds
  Import took 0.081693 seconds .

========================================================================
Received Import Request.
  Time since last request: 0.439567 seconds.
  path: Assets/Resources/Icons/Potion/pt3.png
  artifactKey: Guid(c4faeeb6fb4872c418b2253a0839d91c) Importer(815301076,1909f56bfc062723c751e8b465ee728b)
Start importing Assets/Resources/Icons/Potion/pt3.png using Guid(c4faeeb6fb4872c418b2253a0839d91c) Importer(815301076,1909f56bfc062723c751e8b465ee728b)  -> (artifact id: '47720a2fd28e6cd8a2aefa001321c6b6') in 0.015273 seconds
  Import took 0.018567 seconds .

========================================================================
Received Import Request.
  Time since last request: 4.901669 seconds.
  path: Assets/Resources/Icons/Potion/pt3.png
  artifactKey: Guid(c4faeeb6fb4872c418b2253a0839d91c) Importer(815301076,1909f56bfc062723c751e8b465ee728b)
Start importing Assets/Resources/Icons/Potion/pt3.png using Guid(c4faeeb6fb4872c418b2253a0839d91c) Importer(815301076,1909f56bfc062723c751e8b465ee728b)  -> (artifact id: 'bf04a7ba7c602bc45f847bd1fc180b04') in 0.056431 seconds
  Import took 0.059000 seconds .

========================================================================
Received Import Request.
  Time since last request: 9.918356 seconds.
  path: Assets/Resources/Icons/Potion/SP.png
  artifactKey: Guid(c4faeeb6fb4872c418b2253a0839d91c) Importer(815301076,1909f56bfc062723c751e8b465ee728b)
Start importing Assets/Resources/Icons/Potion/SP.png using Guid(c4faeeb6fb4872c418b2253a0839d91c) Importer(815301076,1909f56bfc062723c751e8b465ee728b)  -> (artifact id: '8dc7c60782c4de4cef984cf786986fa8') in 0.029214 seconds
  Import took 0.033450 seconds .

========================================================================
Received Import Request.
  Time since last request: 114.312844 seconds.
  path: Assets/Resources/PickupItems/Health Potion 1.prefab
  artifactKey: Guid(ecc3134968968c5459c2839892fc66ab) Importer(815301076,1909f56bfc062723c751e8b465ee728b)
Start importing Assets/Resources/PickupItems/Health Potion 1.prefab using Guid(ecc3134968968c5459c2839892fc66ab) Importer(815301076,1909f56bfc062723c751e8b465ee728b)  -> (artifact id: 'ca04385318c30a1f13d05451e0987dff') in 0.053863 seconds
  Import took 0.056906 seconds .

========================================================================
Received Import Request.
  Time since last request: 13.942452 seconds.
  path: Assets/Resources/PickupItems/Health Potion.prefab
  artifactKey: Guid(ecc3134968968c5459c2839892fc66ab) Importer(815301076,1909f56bfc062723c751e8b465ee728b)
Start importing Assets/Resources/PickupItems/Health Potion.prefab using Guid(ecc3134968968c5459c2839892fc66ab) Importer(815301076,1909f56bfc062723c751e8b465ee728b)  -> (artifact id: '81fe25016e06f7ef71bcf98843a25b21') in 0.018290 seconds
  Import took 0.020301 seconds .

========================================================================
Received Import Request.
  Time since last request: 3.575600 seconds.
  path: Assets/Resources/PickupItems/Mana Potion.prefab
  artifactKey: Guid(b9711c6d3ba9c284f84955d7c1a8c2f9) Importer(815301076,1909f56bfc062723c751e8b465ee728b)
Start importing Assets/Resources/PickupItems/Mana Potion.prefab using Guid(b9711c6d3ba9c284f84955d7c1a8c2f9) Importer(815301076,1909f56bfc062723c751e8b465ee728b)  -> (artifact id: '9526fe3785fbfc06f5cefcf9b93e6df1') in 0.019130 seconds
  Import took 0.022407 seconds .

========================================================================
Received Import Request.
  Time since last request: 2.141432 seconds.
  path: Assets/Resources/PickupItems/Stamina Potion.prefab
  artifactKey: Guid(e05cee3868c00d44eb89b79e0f2b7d6a) Importer(815301076,1909f56bfc062723c751e8b465ee728b)
Start importing Assets/Resources/PickupItems/Stamina Potion.prefab using Guid(e05cee3868c00d44eb89b79e0f2b7d6a) Importer(815301076,1909f56bfc062723c751e8b465ee728b)  -> (artifact id: '5e054313cb34851c640a2d6c85c2f474') in 0.018515 seconds
  Import took 0.021780 seconds .

========================================================================
Received Import Request.
  Time since last request: 0.003860 seconds.
  path: Assets/Resources/PickupItems/Stamina Potion.prefab
  artifactKey: Guid(e05cee3868c00d44eb89b79e0f2b7d6a) Importer(815301076,1909f56bfc062723c751e8b465ee728b)
Start importing Assets/Resources/PickupItems/Stamina Potion.prefab using Guid(e05cee3868c00d44eb89b79e0f2b7d6a) Importer(815301076,1909f56bfc062723c751e8b465ee728b)  -> (artifact id: '5e054313cb34851c640a2d6c85c2f474') in 0.011814 seconds
  Import took 0.014140 seconds .

========================================================================
Received Import Request.
  Time since last request: 10.297870 seconds.
  path: Assets/Resources/PickupItems/Apple.prefab
  artifactKey: Guid(6d6da81e05f7a3745b85401f548ff71d) Importer(815301076,1909f56bfc062723c751e8b465ee728b)
Start importing Assets/Resources/PickupItems/Apple.prefab using Guid(6d6da81e05f7a3745b85401f548ff71d) Importer(815301076,1909f56bfc062723c751e8b465ee728b)  -> (artifact id: '42abc7e2e8e1fb43b316b979bb4714cc') in 0.021451 seconds
  Import took 0.025069 seconds .

========================================================================
Received Import Request.
  Time since last request: 5.241927 seconds.
  path: Assets/Resources/PickupItems/Apple.prefab
  artifactKey: Guid(6d6da81e05f7a3745b85401f548ff71d) Importer(815301076,1909f56bfc062723c751e8b465ee728b)
Start importing Assets/Resources/PickupItems/Apple.prefab using Guid(6d6da81e05f7a3745b85401f548ff71d) Importer(815301076,1909f56bfc062723c751e8b465ee728b)  -> (artifact id: 'a833627ad5d99f18acfbcc66b0991aa5') in 0.012180 seconds
  Import took 0.017390 seconds .

========================================================================
Received Import Request.
  Time since last request: 4.746474 seconds.
  path: Assets/Resources/PickupItems/Apple.prefab
  artifactKey: Guid(6d6da81e05f7a3745b85401f548ff71d) Importer(815301076,1909f56bfc062723c751e8b465ee728b)
Start importing Assets/Resources/PickupItems/Apple.prefab using Guid(6d6da81e05f7a3745b85401f548ff71d) Importer(815301076,1909f56bfc062723c751e8b465ee728b)  -> (artifact id: '8c8ca51ad87124b15292cbb9639604d7') in 0.012692 seconds
  Import took 0.016717 seconds .

========================================================================
Received Import Request.
  Time since last request: 5.809967 seconds.
  path: Assets/Resources/PickupItems/Axe.prefab
  artifactKey: Guid(2150e4ccaed10a74c9f759ed4f54dc86) Importer(815301076,1909f56bfc062723c751e8b465ee728b)
Start importing Assets/Resources/PickupItems/Axe.prefab using Guid(2150e4ccaed10a74c9f759ed4f54dc86) Importer(815301076,1909f56bfc062723c751e8b465ee728b)  -> (artifact id: '5b84b92dc036b2dcc814f9e12d985d94') in 0.018610 seconds
  Import took 0.021847 seconds .

========================================================================
Received Import Request.
  Time since last request: 25.586750 seconds.
  path: Assets/Resources/PickupItems/Axe.prefab
  artifactKey: Guid(2150e4ccaed10a74c9f759ed4f54dc86) Importer(815301076,1909f56bfc062723c751e8b465ee728b)
Start importing Assets/Resources/PickupItems/Axe.prefab using Guid(2150e4ccaed10a74c9f759ed4f54dc86) Importer(815301076,1909f56bfc062723c751e8b465ee728b)  -> (artifact id: '5a87141214781722d004ed8a1ef7c5c9') in 0.011922 seconds
  Import took 0.015783 seconds .

========================================================================
Received Import Request.
  Time since last request: 8.729316 seconds.
  path: Assets/Resources/PickupItems/Axe.prefab
  artifactKey: Guid(2150e4ccaed10a74c9f759ed4f54dc86) Importer(815301076,1909f56bfc062723c751e8b465ee728b)
Start importing Assets/Resources/PickupItems/Axe.prefab using Guid(2150e4ccaed10a74c9f759ed4f54dc86) Importer(815301076,1909f56bfc062723c751e8b465ee728b)  -> (artifact id: '15d03b0323e52c5e92e7017a2b271cfd') in 0.012568 seconds
  Import took 0.015187 seconds .

========================================================================
Received Import Request.
  Time since last request: 1.990522 seconds.
  path: Assets/Resources/PickupItems/Axe.prefab
  artifactKey: Guid(2150e4ccaed10a74c9f759ed4f54dc86) Importer(815301076,1909f56bfc062723c751e8b465ee728b)
Start importing Assets/Resources/PickupItems/Axe.prefab using Guid(2150e4ccaed10a74c9f759ed4f54dc86) Importer(815301076,1909f56bfc062723c751e8b465ee728b)  -> (artifact id: '2a5e7fba022fdae9a489bee8dc452e18') in 0.012704 seconds
  Import took 0.015764 seconds .

========================================================================
Received Import Request.
  Time since last request: 15.220893 seconds.
  path: Assets/Resources/PickupItems/Axe.prefab
  artifactKey: Guid(2150e4ccaed10a74c9f759ed4f54dc86) Importer(815301076,1909f56bfc062723c751e8b465ee728b)
Start importing Assets/Resources/PickupItems/Axe.prefab using Guid(2150e4ccaed10a74c9f759ed4f54dc86) Importer(815301076,1909f56bfc062723c751e8b465ee728b)  -> (artifact id: '7ce659be4839b36380ff774998622d35') in 0.013345 seconds
  Import took 0.015931 seconds .

========================================================================
Received Import Request.
  Time since last request: 19.963601 seconds.
  path: Assets/Resources/PickupItems/Meat.prefab
  artifactKey: Guid(d7f271cc47c30c349a64779dd5583235) Importer(815301076,1909f56bfc062723c751e8b465ee728b)
Start importing Assets/Resources/PickupItems/Meat.prefab using Guid(d7f271cc47c30c349a64779dd5583235) Importer(815301076,1909f56bfc062723c751e8b465ee728b)  -> (artifact id: 'edfe9a0f50e54664030cf7a92a25fe66') in 0.017255 seconds
  Import took 0.020322 seconds .

========================================================================
Received Import Request.
  Time since last request: 12.036302 seconds.
  path: Assets/Resources/PickupItems/Meat.prefab
  artifactKey: Guid(d7f271cc47c30c349a64779dd5583235) Importer(815301076,1909f56bfc062723c751e8b465ee728b)
Start importing Assets/Resources/PickupItems/Meat.prefab using Guid(d7f271cc47c30c349a64779dd5583235) Importer(815301076,1909f56bfc062723c751e8b465ee728b)  -> (artifact id: '3f5c442f432bfa566b345af070db456a') in 0.015897 seconds
  Import took 0.018941 seconds .

========================================================================
Received Import Request.
  Time since last request: 458.273854 seconds.
  path: Assets/Resources/PickupItems/HP material.mat
  artifactKey: Guid(1df42eed386db1145865ff1a40d99064) Importer(815301076,1909f56bfc062723c751e8b465ee728b)
Start importing Assets/Resources/PickupItems/HP material.mat using Guid(1df42eed386db1145865ff1a40d99064) Importer(815301076,1909f56bfc062723c751e8b465ee728b)  -> (artifact id: 'dc75459431457299cfe6d1cae262bfd5') in 0.051385 seconds
  Import took 0.055388 seconds .

========================================================================
Received Import Request.
  Time since last request: 18.430460 seconds.
  path: Assets/Resources/PickupItems/HP material.mat
  artifactKey: Guid(1df42eed386db1145865ff1a40d99064) Importer(815301076,1909f56bfc062723c751e8b465ee728b)
Start importing Assets/Resources/PickupItems/HP material.mat using Guid(1df42eed386db1145865ff1a40d99064) Importer(815301076,1909f56bfc062723c751e8b465ee728b)  -> (artifact id: '5c1373c6c191ec2db2e3e2de887d7234') in 0.016800 seconds
  Import took 0.020164 seconds .

========================================================================
Received Import Request.
  Time since last request: 20.782164 seconds.
  path: Assets/Resources/PickupItems/SP material.mat
  artifactKey: Guid(f12c42febd2b14f47baaa3ebe0ecf482) Importer(815301076,1909f56bfc062723c751e8b465ee728b)
Start importing Assets/Resources/PickupItems/SP material.mat using Guid(f12c42febd2b14f47baaa3ebe0ecf482) Importer(815301076,1909f56bfc062723c751e8b465ee728b)  -> (artifact id: '779f6cda75a717d964eebffbfa1c6dfd') in 0.016272 seconds
  Import took 0.019412 seconds .

========================================================================
Received Import Request.
  Time since last request: 6.617882 seconds.
  path: Assets/Resources/PickupItems/Health Potion.prefab
  artifactKey: Guid(ecc3134968968c5459c2839892fc66ab) Importer(815301076,1909f56bfc062723c751e8b465ee728b)
Start importing Assets/Resources/PickupItems/Health Potion.prefab using Guid(ecc3134968968c5459c2839892fc66ab) Importer(815301076,1909f56bfc062723c751e8b465ee728b)  -> (artifact id: '0dc35082c28fba3a3401e1de9e2fdd93') in 0.016534 seconds
  Import took 0.019376 seconds .

========================================================================
Received Import Request.
  Time since last request: 7.145708 seconds.
  path: Assets/Resources/PickupItems/Mana Potion.prefab
  artifactKey: Guid(b9711c6d3ba9c284f84955d7c1a8c2f9) Importer(815301076,1909f56bfc062723c751e8b465ee728b)
Start importing Assets/Resources/PickupItems/Mana Potion.prefab using Guid(b9711c6d3ba9c284f84955d7c1a8c2f9) Importer(815301076,1909f56bfc062723c751e8b465ee728b)  -> (artifact id: '3a7a7c4b7b3bd8d2503af18577294d59') in 0.015729 seconds
  Import took 0.018264 seconds .

========================================================================
Received Import Request.
  Time since last request: 9.313881 seconds.
  path: Assets/Resources/PickupItems/Stamina Potion.prefab
  artifactKey: Guid(e05cee3868c00d44eb89b79e0f2b7d6a) Importer(815301076,1909f56bfc062723c751e8b465ee728b)
Start importing Assets/Resources/PickupItems/Stamina Potion.prefab using Guid(e05cee3868c00d44eb89b79e0f2b7d6a) Importer(815301076,1909f56bfc062723c751e8b465ee728b)  -> (artifact id: '14ced1e125628e484fce44226bbc43f1') in 0.015696 seconds
  Import took 0.018781 seconds .

========================================================================
Received Import Request.
  Time since last request: 54.710864 seconds.
  path: Assets/Resources/PickupItems/MP material 1.mat
  artifactKey: Guid(4bb530f7d9f839d4ba9735dc2f4e7566) Importer(815301076,1909f56bfc062723c751e8b465ee728b)
Start importing Assets/Resources/PickupItems/MP material 1.mat using Guid(4bb530f7d9f839d4ba9735dc2f4e7566) Importer(815301076,1909f56bfc062723c751e8b465ee728b)  -> (artifact id: 'c11f19705e13de42bc1633f9c34e8dee') in 0.020691 seconds
  Import took 0.023792 seconds .

========================================================================
Received Import Request.
  Time since last request: 0.000300 seconds.
  path: Assets/Resources/PickupItems/SP material.mat
  artifactKey: Guid(f12c42febd2b14f47baaa3ebe0ecf482) Importer(815301076,1909f56bfc062723c751e8b465ee728b)
Start importing Assets/Resources/PickupItems/SP material.mat using Guid(f12c42febd2b14f47baaa3ebe0ecf482) Importer(815301076,1909f56bfc062723c751e8b465ee728b)  -> (artifact id: '8cc186a89363cb423c26c5f2de972f27') in 0.030130 seconds
  Import took 0.032705 seconds .

========================================================================
Received Prepare
Registering precompiled user dll's ...
Registered in 0.000711 seconds.
Begin MonoManager ReloadAssembly
Native extension for WindowsStandalone target not found
Refreshing native plugins compatible for Editor in 0.47 ms, found 0 plugins.
Preloading 0 native plugins for Editor in 0.00 ms.
Invoked RoslynAnalysisRunner static constructor.
RoslynAnalysisRunner will not be running.
RoslynAnalysisRunner has terminated.
Mono: successfully reloaded assembly
- Completed reload, in  1.147 seconds
Platform modules already initialized, skipping
Shader 'Toon/Lighted Outline': fallback shader 'Toon/Lighted' not found
WARNING: Shader Unsupported: 'Toon/Lighted Outline' - All subshaders removed
WARNING: Shader Did you use #pragma only_renderers and omit this platform?
WARNING: Shader If subshaders removal was intentional, you may have forgotten turning Fallback off?
WARNING: Shader Unsupported: 'Toon/Lighted Outline' - All subshaders removed
WARNING: Shader Did you use #pragma only_renderers and omit this platform?
WARNING: Shader If subshaders removal was intentional, you may have forgotten turning Fallback off?
Shader 'Toon/Lighted Outline': fallback shader 'Toon/Lighted' not found
WARNING: Shader Unsupported: 'Toon/Lighted Outline' - All subshaders removed
WARNING: Shader Did you use #pragma only_renderers and omit this platform?
WARNING: Shader If subshaders removal was intentional, you may have forgotten turning Fallback off?
WARNING: Shader Unsupported: 'Toon/Lighted Outline' - All subshaders removed
WARNING: Shader Did you use #pragma only_renderers and omit this platform?
WARNING: Shader If subshaders removal was intentional, you may have forgotten turning Fallback off?
Refreshing native plugins compatible for Editor in 0.27 ms, found 0 plugins.
Preloading 0 native plugins for Editor in 0.00 ms.
Unloading 1162 Unused Serialized files (Serialized files now loaded: 0)
System memory in use before: 77.3 MB.
System memory in use after: 77.4 MB.

Unloading 7 unused Assets to reduce memory usage. Loaded Objects now: 1684.
Total: 2.262200 ms (FindLiveObjects: 0.145600 ms CreateObjectMapping: 0.055800 ms MarkObjects: 1.937500 ms  DeleteObjects: 0.121300 ms)

========================================================================
Received Prepare
Registering precompiled user dll's ...
Registered in 0.001384 seconds.
Begin MonoManager ReloadAssembly
Native extension for WindowsStandalone target not found
Refreshing native plugins compatible for Editor in 0.37 ms, found 0 plugins.
Preloading 0 native plugins for Editor in 0.00 ms.
Invoked RoslynAnalysisRunner static constructor.
RoslynAnalysisRunner will not be running.
RoslynAnalysisRunner has terminated.
Mono: successfully reloaded assembly
- Completed reload, in  1.098 seconds
Platform modules already initialized, skipping
Shader 'Toon/Lighted Outline': fallback shader 'Toon/Lighted' not found
WARNING: Shader Unsupported: 'Toon/Lighted Outline' - All subshaders removed
WARNING: Shader Did you use #pragma only_renderers and omit this platform?
WARNING: Shader If subshaders removal was intentional, you may have forgotten turning Fallback off?
WARNING: Shader Unsupported: 'Toon/Lighted Outline' - All subshaders removed
WARNING: Shader Did you use #pragma only_renderers and omit this platform?
WARNING: Shader If subshaders removal was intentional, you may have forgotten turning Fallback off?
Shader 'Toon/Lighted Outline': fallback shader 'Toon/Lighted' not found
WARNING: Shader Unsupported: 'Toon/Lighted Outline' - All subshaders removed
WARNING: Shader Did you use #pragma only_renderers and omit this platform?
WARNING: Shader If subshaders removal was intentional, you may have forgotten turning Fallback off?
WARNING: Shader Unsupported: 'Toon/Lighted Outline' - All subshaders removed
WARNING: Shader Did you use #pragma only_renderers and omit this platform?
WARNING: Shader If subshaders removal was intentional, you may have forgotten turning Fallback off?
Refreshing native plugins compatible for Editor in 0.40 ms, found 0 plugins.
Preloading 0 native plugins for Editor in 0.00 ms.
Unloading 1162 Unused Serialized files (Serialized files now loaded: 0)
System memory in use before: 78.3 MB.
System memory in use after: 78.4 MB.

Unloading 6 unused Assets to reduce memory usage. Loaded Objects now: 1686.
Total: 2.072500 ms (FindLiveObjects: 0.187800 ms CreateObjectMapping: 0.055700 ms MarkObjects: 1.674900 ms  DeleteObjects: 0.152900 ms)

========================================================================
Received Prepare
Registering precompiled user dll's ...
Registered in 0.001059 seconds.
Begin MonoManager ReloadAssembly
Native extension for WindowsStandalone target not found
Refreshing native plugins compatible for Editor in 0.45 ms, found 0 plugins.
Preloading 0 native plugins for Editor in 0.00 ms.
Invoked RoslynAnalysisRunner static constructor.
RoslynAnalysisRunner will not be running.
RoslynAnalysisRunner has terminated.
Mono: successfully reloaded assembly
- Completed reload, in  1.144 seconds
Platform modules already initialized, skipping
Shader 'Toon/Lighted Outline': fallback shader 'Toon/Lighted' not found
WARNING: Shader Unsupported: 'Toon/Lighted Outline' - All subshaders removed
WARNING: Shader Did you use #pragma only_renderers and omit this platform?
WARNING: Shader If subshaders removal was intentional, you may have forgotten turning Fallback off?
WARNING: Shader Unsupported: 'Toon/Lighted Outline' - All subshaders removed
WARNING: Shader Did you use #pragma only_renderers and omit this platform?
WARNING: Shader If subshaders removal was intentional, you may have forgotten turning Fallback off?
Shader 'Toon/Lighted Outline': fallback shader 'Toon/Lighted' not found
WARNING: Shader Unsupported: 'Toon/Lighted Outline' - All subshaders removed
WARNING: Shader Did you use #pragma only_renderers and omit this platform?
WARNING: Shader If subshaders removal was intentional, you may have forgotten turning Fallback off?
WARNING: Shader Unsupported: 'Toon/Lighted Outline' - All subshaders removed
WARNING: Shader Did you use #pragma only_renderers and omit this platform?
WARNING: Shader If subshaders removal was intentional, you may have forgotten turning Fallback off?
Refreshing native plugins compatible for Editor in 0.27 ms, found 0 plugins.
Preloading 0 native plugins for Editor in 0.00 ms.
Unloading 1162 Unused Serialized files (Serialized files now loaded: 0)
System memory in use before: 78.4 MB.
System memory in use after: 78.4 MB.

Unloading 6 unused Assets to reduce memory usage. Loaded Objects now: 1688.
Total: 2.651500 ms (FindLiveObjects: 0.254300 ms CreateObjectMapping: 0.072800 ms MarkObjects: 2.175600 ms  DeleteObjects: 0.145800 ms)

========================================================================
Received Prepare
Registering precompiled user dll's ...
Registered in 0.001233 seconds.
Begin MonoManager ReloadAssembly
Native extension for WindowsStandalone target not found
Refreshing native plugins compatible for Editor in 0.36 ms, found 0 plugins.
Preloading 0 native plugins for Editor in 0.00 ms.
Invoked RoslynAnalysisRunner static constructor.
RoslynAnalysisRunner will not be running.
RoslynAnalysisRunner has terminated.
Mono: successfully reloaded assembly
- Completed reload, in  1.224 seconds
Platform modules already initialized, skipping
Shader 'Toon/Lighted Outline': fallback shader 'Toon/Lighted' not found
WARNING: Shader Unsupported: 'Toon/Lighted Outline' - All subshaders removed
WARNING: Shader Did you use #pragma only_renderers and omit this platform?
WARNING: Shader If subshaders removal was intentional, you may have forgotten turning Fallback off?
WARNING: Shader Unsupported: 'Toon/Lighted Outline' - All subshaders removed
WARNING: Shader Did you use #pragma only_renderers and omit this platform?
WARNING: Shader If subshaders removal was intentional, you may have forgotten turning Fallback off?
Shader 'Toon/Lighted Outline': fallback shader 'Toon/Lighted' not found
WARNING: Shader Unsupported: 'Toon/Lighted Outline' - All subshaders removed
WARNING: Shader Did you use #pragma only_renderers and omit this platform?
WARNING: Shader If subshaders removal was intentional, you may have forgotten turning Fallback off?
WARNING: Shader Unsupported: 'Toon/Lighted Outline' - All subshaders removed
WARNING: Shader Did you use #pragma only_renderers and omit this platform?
WARNING: Shader If subshaders removal was intentional, you may have forgotten turning Fallback off?
Refreshing native plugins compatible for Editor in 0.23 ms, found 0 plugins.
Preloading 0 native plugins for Editor in 0.00 ms.
Unloading 1162 Unused Serialized files (Serialized files now loaded: 0)
System memory in use before: 78.2 MB.
System memory in use after: 78.3 MB.

Unloading 6 unused Assets to reduce memory usage. Loaded Objects now: 1690.
Total: 2.080400 ms (FindLiveObjects: 0.265900 ms CreateObjectMapping: 0.035600 ms MarkObjects: 1.634700 ms  DeleteObjects: 0.143000 ms)

========================================================================
Received Prepare
Registering precompiled user dll's ...
Registered in 0.001944 seconds.
Begin MonoManager ReloadAssembly
Native extension for WindowsStandalone target not found
Refreshing native plugins compatible for Editor in 0.39 ms, found 0 plugins.
Preloading 0 native plugins for Editor in 0.00 ms.
Invoked RoslynAnalysisRunner static constructor.
RoslynAnalysisRunner will not be running.
RoslynAnalysisRunner has terminated.
Mono: successfully reloaded assembly
- Completed reload, in  1.074 seconds
Platform modules already initialized, skipping
Shader 'Toon/Lighted Outline': fallback shader 'Toon/Lighted' not found
WARNING: Shader Unsupported: 'Toon/Lighted Outline' - All subshaders removed
WARNING: Shader Did you use #pragma only_renderers and omit this platform?
WARNING: Shader If subshaders removal was intentional, you may have forgotten turning Fallback off?
WARNING: Shader Unsupported: 'Toon/Lighted Outline' - All subshaders removed
WARNING: Shader Did you use #pragma only_renderers and omit this platform?
WARNING: Shader If subshaders removal was intentional, you may have forgotten turning Fallback off?
Shader 'Toon/Lighted Outline': fallback shader 'Toon/Lighted' not found
WARNING: Shader Unsupported: 'Toon/Lighted Outline' - All subshaders removed
WARNING: Shader Did you use #pragma only_renderers and omit this platform?
WARNING: Shader If subshaders removal was intentional, you may have forgotten turning Fallback off?
WARNING: Shader Unsupported: 'Toon/Lighted Outline' - All subshaders removed
WARNING: Shader Did you use #pragma only_renderers and omit this platform?
WARNING: Shader If subshaders removal was intentional, you may have forgotten turning Fallback off?
Refreshing native plugins compatible for Editor in 0.29 ms, found 0 plugins.
Preloading 0 native plugins for Editor in 0.00 ms.
Unloading 1162 Unused Serialized files (Serialized files now loaded: 0)
System memory in use before: 78.4 MB.
System memory in use after: 78.4 MB.

Unloading 6 unused Assets to reduce memory usage. Loaded Objects now: 1692.
Total: 2.054800 ms (FindLiveObjects: 0.227100 ms CreateObjectMapping: 0.070800 ms MarkObjects: 1.638800 ms  DeleteObjects: 0.116500 ms)

========================================================================
Received Prepare
Registering precompiled user dll's ...
Registered in 0.000749 seconds.
Begin MonoManager ReloadAssembly
Native extension for WindowsStandalone target not found
Refreshing native plugins compatible for Editor in 0.32 ms, found 0 plugins.
Preloading 0 native plugins for Editor in 0.00 ms.
Invoked RoslynAnalysisRunner static constructor.
RoslynAnalysisRunner will not be running.
RoslynAnalysisRunner has terminated.
Mono: successfully reloaded assembly
- Completed reload, in  1.020 seconds
Platform modules already initialized, skipping
Shader 'Toon/Lighted Outline': fallback shader 'Toon/Lighted' not found
WARNING: Shader Unsupported: 'Toon/Lighted Outline' - All subshaders removed
WARNING: Shader Did you use #pragma only_renderers and omit this platform?
WARNING: Shader If subshaders removal was intentional, you may have forgotten turning Fallback off?
WARNING: Shader Unsupported: 'Toon/Lighted Outline' - All subshaders removed
WARNING: Shader Did you use #pragma only_renderers and omit this platform?
WARNING: Shader If subshaders removal was intentional, you may have forgotten turning Fallback off?
Shader 'Toon/Lighted Outline': fallback shader 'Toon/Lighted' not found
WARNING: Shader Unsupported: 'Toon/Lighted Outline' - All subshaders removed
WARNING: Shader Did you use #pragma only_renderers and omit this platform?
WARNING: Shader If subshaders removal was intentional, you may have forgotten turning Fallback off?
WARNING: Shader Unsupported: 'Toon/Lighted Outline' - All subshaders removed
WARNING: Shader Did you use #pragma only_renderers and omit this platform?
WARNING: Shader If subshaders removal was intentional, you may have forgotten turning Fallback off?
Refreshing native plugins compatible for Editor in 0.26 ms, found 0 plugins.
Preloading 0 native plugins for Editor in 0.00 ms.
Unloading 1162 Unused Serialized files (Serialized files now loaded: 0)
System memory in use before: 78.4 MB.
System memory in use after: 78.4 MB.

Unloading 6 unused Assets to reduce memory usage. Loaded Objects now: 1694.
Total: 2.181100 ms (FindLiveObjects: 0.149700 ms CreateObjectMapping: 0.042100 ms MarkObjects: 1.856900 ms  DeleteObjects: 0.131300 ms)

========================================================================
Received Prepare
Registering precompiled user dll's ...
Registered in 0.000960 seconds.
Begin MonoManager ReloadAssembly
Native extension for WindowsStandalone target not found
Refreshing native plugins compatible for Editor in 0.29 ms, found 0 plugins.
Preloading 0 native plugins for Editor in 0.00 ms.
Invoked RoslynAnalysisRunner static constructor.
RoslynAnalysisRunner will not be running.
RoslynAnalysisRunner has terminated.
Mono: successfully reloaded assembly
- Completed reload, in  0.814 seconds
Platform modules already initialized, skipping
Shader 'Toon/Lighted Outline': fallback shader 'Toon/Lighted' not found
WARNING: Shader Unsupported: 'Toon/Lighted Outline' - All subshaders removed
WARNING: Shader Did you use #pragma only_renderers and omit this platform?
WARNING: Shader If subshaders removal was intentional, you may have forgotten turning Fallback off?
WARNING: Shader Unsupported: 'Toon/Lighted Outline' - All subshaders removed
WARNING: Shader Did you use #pragma only_renderers and omit this platform?
WARNING: Shader If subshaders removal was intentional, you may have forgotten turning Fallback off?
Shader 'Toon/Lighted Outline': fallback shader 'Toon/Lighted' not found
WARNING: Shader Unsupported: 'Toon/Lighted Outline' - All subshaders removed
WARNING: Shader Did you use #pragma only_renderers and omit this platform?
WARNING: Shader If subshaders removal was intentional, you may have forgotten turning Fallback off?
WARNING: Shader Unsupported: 'Toon/Lighted Outline' - All subshaders removed
WARNING: Shader Did you use #pragma only_renderers and omit this platform?
WARNING: Shader If subshaders removal was intentional, you may have forgotten turning Fallback off?
Refreshing native plugins compatible for Editor in 0.33 ms, found 0 plugins.
Preloading 0 native plugins for Editor in 0.00 ms.
Unloading 1162 Unused Serialized files (Serialized files now loaded: 0)
System memory in use before: 78.4 MB.
System memory in use after: 78.4 MB.

Unloading 6 unused Assets to reduce memory usage. Loaded Objects now: 1696.
Total: 3.317700 ms (FindLiveObjects: 0.374500 ms CreateObjectMapping: 0.156800 ms MarkObjects: 2.668300 ms  DeleteObjects: 0.116300 ms)

========================================================================
Received Prepare
Registering precompiled user dll's ...
Registered in 0.000890 seconds.
Begin MonoManager ReloadAssembly
Native extension for WindowsStandalone target not found
Refreshing native plugins compatible for Editor in 0.34 ms, found 0 plugins.
Preloading 0 native plugins for Editor in 0.00 ms.
Invoked RoslynAnalysisRunner static constructor.
RoslynAnalysisRunner will not be running.
RoslynAnalysisRunner has terminated.
Mono: successfully reloaded assembly
- Completed reload, in  1.009 seconds
Platform modules already initialized, skipping
Shader 'Toon/Lighted Outline': fallback shader 'Toon/Lighted' not found
WARNING: Shader Unsupported: 'Toon/Lighted Outline' - All subshaders removed
WARNING: Shader Did you use #pragma only_renderers and omit this platform?
WARNING: Shader If subshaders removal was intentional, you may have forgotten turning Fallback off?
WARNING: Shader Unsupported: 'Toon/Lighted Outline' - All subshaders removed
WARNING: Shader Did you use #pragma only_renderers and omit this platform?
WARNING: Shader If subshaders removal was intentional, you may have forgotten turning Fallback off?
Shader 'Toon/Lighted Outline': fallback shader 'Toon/Lighted' not found
WARNING: Shader Unsupported: 'Toon/Lighted Outline' - All subshaders removed
WARNING: Shader Did you use #pragma only_renderers and omit this platform?
WARNING: Shader If subshaders removal was intentional, you may have forgotten turning Fallback off?
WARNING: Shader Unsupported: 'Toon/Lighted Outline' - All subshaders removed
WARNING: Shader Did you use #pragma only_renderers and omit this platform?
WARNING: Shader If subshaders removal was intentional, you may have forgotten turning Fallback off?
Refreshing native plugins compatible for Editor in 0.23 ms, found 0 plugins.
Preloading 0 native plugins for Editor in 0.00 ms.
Unloading 1162 Unused Serialized files (Serialized files now loaded: 0)
System memory in use before: 78.4 MB.
System memory in use after: 78.4 MB.

Unloading 6 unused Assets to reduce memory usage. Loaded Objects now: 1698.
Total: 1.593600 ms (FindLiveObjects: 0.133200 ms CreateObjectMapping: 0.033300 ms MarkObjects: 1.261100 ms  DeleteObjects: 0.164700 ms)

========================================================================
Received Prepare
Registering precompiled user dll's ...
Registered in 0.000877 seconds.
Begin MonoManager ReloadAssembly
Native extension for WindowsStandalone target not found
Refreshing native plugins compatible for Editor in 0.29 ms, found 0 plugins.
Preloading 0 native plugins for Editor in 0.00 ms.
Invoked RoslynAnalysisRunner static constructor.
RoslynAnalysisRunner will not be running.
RoslynAnalysisRunner has terminated.
Mono: successfully reloaded assembly
- Completed reload, in  1.027 seconds
Platform modules already initialized, skipping
Shader 'Toon/Lighted Outline': fallback shader 'Toon/Lighted' not found
WARNING: Shader Unsupported: 'Toon/Lighted Outline' - All subshaders removed
WARNING: Shader Did you use #pragma only_renderers and omit this platform?
WARNING: Shader If subshaders removal was intentional, you may have forgotten turning Fallback off?
WARNING: Shader Unsupported: 'Toon/Lighted Outline' - All subshaders removed
WARNING: Shader Did you use #pragma only_renderers and omit this platform?
WARNING: Shader If subshaders removal was intentional, you may have forgotten turning Fallback off?
Shader 'Toon/Lighted Outline': fallback shader 'Toon/Lighted' not found
WARNING: Shader Unsupported: 'Toon/Lighted Outline' - All subshaders removed
WARNING: Shader Did you use #pragma only_renderers and omit this platform?
WARNING: Shader If subshaders removal was intentional, you may have forgotten turning Fallback off?
WARNING: Shader Unsupported: 'Toon/Lighted Outline' - All subshaders removed
WARNING: Shader Did you use #pragma only_renderers and omit this platform?
WARNING: Shader If subshaders removal was intentional, you may have forgotten turning Fallback off?
Refreshing native plugins compatible for Editor in 0.22 ms, found 0 plugins.
Preloading 0 native plugins for Editor in 0.00 ms.
Unloading 1162 Unused Serialized files (Serialized files now loaded: 0)
System memory in use before: 78.4 MB.
System memory in use after: 78.5 MB.

Unloading 6 unused Assets to reduce memory usage. Loaded Objects now: 1700.
Total: 1.649200 ms (FindLiveObjects: 0.169100 ms CreateObjectMapping: 0.034800 ms MarkObjects: 1.341700 ms  DeleteObjects: 0.102800 ms)

========================================================================
Received Prepare
Registering precompiled user dll's ...
Registered in 0.000566 seconds.
Begin MonoManager ReloadAssembly
Native extension for WindowsStandalone target not found
Refreshing native plugins compatible for Editor in 0.32 ms, found 0 plugins.
Preloading 0 native plugins for Editor in 0.00 ms.
Invoked RoslynAnalysisRunner static constructor.
RoslynAnalysisRunner will not be running.
RoslynAnalysisRunner has terminated.
Mono: successfully reloaded assembly
- Completed reload, in  1.028 seconds
Platform modules already initialized, skipping
Shader 'Toon/Lighted Outline': fallback shader 'Toon/Lighted' not found
WARNING: Shader Unsupported: 'Toon/Lighted Outline' - All subshaders removed
WARNING: Shader Did you use #pragma only_renderers and omit this platform?
WARNING: Shader If subshaders removal was intentional, you may have forgotten turning Fallback off?
WARNING: Shader Unsupported: 'Toon/Lighted Outline' - All subshaders removed
WARNING: Shader Did you use #pragma only_renderers and omit this platform?
WARNING: Shader If subshaders removal was intentional, you may have forgotten turning Fallback off?
Shader 'Toon/Lighted Outline': fallback shader 'Toon/Lighted' not found
WARNING: Shader Unsupported: 'Toon/Lighted Outline' - All subshaders removed
WARNING: Shader Did you use #pragma only_renderers and omit this platform?
WARNING: Shader If subshaders removal was intentional, you may have forgotten turning Fallback off?
WARNING: Shader Unsupported: 'Toon/Lighted Outline' - All subshaders removed
WARNING: Shader Did you use #pragma only_renderers and omit this platform?
WARNING: Shader If subshaders removal was intentional, you may have forgotten turning Fallback off?
Refreshing native plugins compatible for Editor in 0.23 ms, found 0 plugins.
Preloading 0 native plugins for Editor in 0.00 ms.
Unloading 1162 Unused Serialized files (Serialized files now loaded: 0)
System memory in use before: 78.4 MB.
System memory in use after: 78.5 MB.

Unloading 6 unused Assets to reduce memory usage. Loaded Objects now: 1702.
Total: 2.755900 ms (FindLiveObjects: 0.183500 ms CreateObjectMapping: 0.037300 ms MarkObjects: 2.320100 ms  DeleteObjects: 0.213300 ms)

========================================================================
Received Prepare
Registering precompiled user dll's ...
Registered in 0.001049 seconds.
Begin MonoManager ReloadAssembly
Native extension for WindowsStandalone target not found
Refreshing native plugins compatible for Editor in 0.22 ms, found 0 plugins.
Preloading 0 native plugins for Editor in 0.00 ms.
Invoked RoslynAnalysisRunner static constructor.
RoslynAnalysisRunner will not be running.
RoslynAnalysisRunner has terminated.
Mono: successfully reloaded assembly
- Completed reload, in  1.092 seconds
Platform modules already initialized, skipping
Shader 'Toon/Lighted Outline': fallback shader 'Toon/Lighted' not found
WARNING: Shader Unsupported: 'Toon/Lighted Outline' - All subshaders removed
WARNING: Shader Did you use #pragma only_renderers and omit this platform?
WARNING: Shader If subshaders removal was intentional, you may have forgotten turning Fallback off?
WARNING: Shader Unsupported: 'Toon/Lighted Outline' - All subshaders removed
WARNING: Shader Did you use #pragma only_renderers and omit this platform?
WARNING: Shader If subshaders removal was intentional, you may have forgotten turning Fallback off?
Shader 'Toon/Lighted Outline': fallback shader 'Toon/Lighted' not found
WARNING: Shader Unsupported: 'Toon/Lighted Outline' - All subshaders removed
WARNING: Shader Did you use #pragma only_renderers and omit this platform?
WARNING: Shader If subshaders removal was intentional, you may have forgotten turning Fallback off?
WARNING: Shader Unsupported: 'Toon/Lighted Outline' - All subshaders removed
WARNING: Shader Did you use #pragma only_renderers and omit this platform?
WARNING: Shader If subshaders removal was intentional, you may have forgotten turning Fallback off?
Refreshing native plugins compatible for Editor in 0.29 ms, found 0 plugins.
Preloading 0 native plugins for Editor in 0.00 ms.
Unloading 1162 Unused Serialized files (Serialized files now loaded: 0)
System memory in use before: 78.4 MB.
System memory in use after: 78.5 MB.

Unloading 6 unused Assets to reduce memory usage. Loaded Objects now: 1704.
Total: 3.186200 ms (FindLiveObjects: 0.318800 ms CreateObjectMapping: 0.088400 ms MarkObjects: 2.611900 ms  DeleteObjects: 0.164600 ms)

========================================================================
Received Prepare
Registering precompiled user dll's ...
Registered in 0.000652 seconds.
Begin MonoManager ReloadAssembly
Native extension for WindowsStandalone target not found
Refreshing native plugins compatible for Editor in 0.24 ms, found 0 plugins.
Preloading 0 native plugins for Editor in 0.00 ms.
Invoked RoslynAnalysisRunner static constructor.
RoslynAnalysisRunner will not be running.
RoslynAnalysisRunner has terminated.
Mono: successfully reloaded assembly
- Completed reload, in  0.873 seconds
Platform modules already initialized, skipping
Shader 'Toon/Lighted Outline': fallback shader 'Toon/Lighted' not found
WARNING: Shader Unsupported: 'Toon/Lighted Outline' - All subshaders removed
WARNING: Shader Did you use #pragma only_renderers and omit this platform?
WARNING: Shader If subshaders removal was intentional, you may have forgotten turning Fallback off?
WARNING: Shader Unsupported: 'Toon/Lighted Outline' - All subshaders removed
WARNING: Shader Did you use #pragma only_renderers and omit this platform?
WARNING: Shader If subshaders removal was intentional, you may have forgotten turning Fallback off?
Shader 'Toon/Lighted Outline': fallback shader 'Toon/Lighted' not found
WARNING: Shader Unsupported: 'Toon/Lighted Outline' - All subshaders removed
WARNING: Shader Did you use #pragma only_renderers and omit this platform?
WARNING: Shader If subshaders removal was intentional, you may have forgotten turning Fallback off?
WARNING: Shader Unsupported: 'Toon/Lighted Outline' - All subshaders removed
WARNING: Shader Did you use #pragma only_renderers and omit this platform?
WARNING: Shader If subshaders removal was intentional, you may have forgotten turning Fallback off?
Refreshing native plugins compatible for Editor in 0.28 ms, found 0 plugins.
Preloading 0 native plugins for Editor in 0.00 ms.
Unloading 1162 Unused Serialized files (Serialized files now loaded: 0)
System memory in use before: 78.4 MB.
System memory in use after: 78.5 MB.

Unloading 6 unused Assets to reduce memory usage. Loaded Objects now: 1706.
Total: 1.508900 ms (FindLiveObjects: 0.129000 ms CreateObjectMapping: 0.031700 ms MarkObjects: 1.252900 ms  DeleteObjects: 0.093800 ms)

========================================================================
Received Prepare
Registering precompiled user dll's ...
Registered in 0.001001 seconds.
Begin MonoManager ReloadAssembly
Native extension for WindowsStandalone target not found
Refreshing native plugins compatible for Editor in 0.28 ms, found 0 plugins.
Preloading 0 native plugins for Editor in 0.00 ms.
Invoked RoslynAnalysisRunner static constructor.
RoslynAnalysisRunner will not be running.
RoslynAnalysisRunner has terminated.
Mono: successfully reloaded assembly
- Completed reload, in  1.012 seconds
Platform modules already initialized, skipping
Shader 'Toon/Lighted Outline': fallback shader 'Toon/Lighted' not found
WARNING: Shader Unsupported: 'Toon/Lighted Outline' - All subshaders removed
WARNING: Shader Did you use #pragma only_renderers and omit this platform?
WARNING: Shader If subshaders removal was intentional, you may have forgotten turning Fallback off?
WARNING: Shader Unsupported: 'Toon/Lighted Outline' - All subshaders removed
WARNING: Shader Did you use #pragma only_renderers and omit this platform?
WARNING: Shader If subshaders removal was intentional, you may have forgotten turning Fallback off?
Shader 'Toon/Lighted Outline': fallback shader 'Toon/Lighted' not found
WARNING: Shader Unsupported: 'Toon/Lighted Outline' - All subshaders removed
WARNING: Shader Did you use #pragma only_renderers and omit this platform?
WARNING: Shader If subshaders removal was intentional, you may have forgotten turning Fallback off?
WARNING: Shader Unsupported: 'Toon/Lighted Outline' - All subshaders removed
WARNING: Shader Did you use #pragma only_renderers and omit this platform?
WARNING: Shader If subshaders removal was intentional, you may have forgotten turning Fallback off?
Refreshing native plugins compatible for Editor in 0.35 ms, found 0 plugins.
Preloading 0 native plugins for Editor in 0.00 ms.
Unloading 1162 Unused Serialized files (Serialized files now loaded: 0)
System memory in use before: 78.3 MB.
System memory in use after: 78.3 MB.

Unloading 6 unused Assets to reduce memory usage. Loaded Objects now: 1708.
Total: 2.746500 ms (FindLiveObjects: 0.280200 ms CreateObjectMapping: 0.103000 ms MarkObjects: 2.185900 ms  DeleteObjects: 0.175100 ms)

========================================================================
Received Prepare
Registering precompiled user dll's ...
Registered in 0.000758 seconds.
Begin MonoManager ReloadAssembly
Native extension for WindowsStandalone target not found
Refreshing native plugins compatible for Editor in 0.24 ms, found 0 plugins.
Preloading 0 native plugins for Editor in 0.00 ms.
Invoked RoslynAnalysisRunner static constructor.
RoslynAnalysisRunner will not be running.
RoslynAnalysisRunner has terminated.
Mono: successfully reloaded assembly
- Completed reload, in  0.962 seconds
Platform modules already initialized, skipping
Shader 'Toon/Lighted Outline': fallback shader 'Toon/Lighted' not found
WARNING: Shader Unsupported: 'Toon/Lighted Outline' - All subshaders removed
WARNING: Shader Did you use #pragma only_renderers and omit this platform?
WARNING: Shader If subshaders removal was intentional, you may have forgotten turning Fallback off?
WARNING: Shader Unsupported: 'Toon/Lighted Outline' - All subshaders removed
WARNING: Shader Did you use #pragma only_renderers and omit this platform?
WARNING: Shader If subshaders removal was intentional, you may have forgotten turning Fallback off?
Shader 'Toon/Lighted Outline': fallback shader 'Toon/Lighted' not found
WARNING: Shader Unsupported: 'Toon/Lighted Outline' - All subshaders removed
WARNING: Shader Did you use #pragma only_renderers and omit this platform?
WARNING: Shader If subshaders removal was intentional, you may have forgotten turning Fallback off?
WARNING: Shader Unsupported: 'Toon/Lighted Outline' - All subshaders removed
WARNING: Shader Did you use #pragma only_renderers and omit this platform?
WARNING: Shader If subshaders removal was intentional, you may have forgotten turning Fallback off?
Refreshing native plugins compatible for Editor in 0.32 ms, found 0 plugins.
Preloading 0 native plugins for Editor in 0.00 ms.
Unloading 1162 Unused Serialized files (Serialized files now loaded: 0)
System memory in use before: 78.4 MB.
System memory in use after: 78.5 MB.

Unloading 6 unused Assets to reduce memory usage. Loaded Objects now: 1710.
Total: 2.301400 ms (FindLiveObjects: 0.296300 ms CreateObjectMapping: 0.094400 ms MarkObjects: 1.795800 ms  DeleteObjects: 0.113000 ms)

========================================================================
Received Prepare
Registering precompiled user dll's ...
Registered in 0.001234 seconds.
Begin MonoManager ReloadAssembly
Native extension for WindowsStandalone target not found
Refreshing native plugins compatible for Editor in 0.27 ms, found 0 plugins.
Preloading 0 native plugins for Editor in 0.00 ms.
Invoked RoslynAnalysisRunner static constructor.
RoslynAnalysisRunner will not be running.
RoslynAnalysisRunner has terminated.
Mono: successfully reloaded assembly
- Completed reload, in  1.042 seconds
Platform modules already initialized, skipping
Shader 'Toon/Lighted Outline': fallback shader 'Toon/Lighted' not found
WARNING: Shader Unsupported: 'Toon/Lighted Outline' - All subshaders removed
WARNING: Shader Did you use #pragma only_renderers and omit this platform?
WARNING: Shader If subshaders removal was intentional, you may have forgotten turning Fallback off?
WARNING: Shader Unsupported: 'Toon/Lighted Outline' - All subshaders removed
WARNING: Shader Did you use #pragma only_renderers and omit this platform?
WARNING: Shader If subshaders removal was intentional, you may have forgotten turning Fallback off?
Shader 'Toon/Lighted Outline': fallback shader 'Toon/Lighted' not found
WARNING: Shader Unsupported: 'Toon/Lighted Outline' - All subshaders removed
WARNING: Shader Did you use #pragma only_renderers and omit this platform?
WARNING: Shader If subshaders removal was intentional, you may have forgotten turning Fallback off?
WARNING: Shader Unsupported: 'Toon/Lighted Outline' - All subshaders removed
WARNING: Shader Did you use #pragma only_renderers and omit this platform?
WARNING: Shader If subshaders removal was intentional, you may have forgotten turning Fallback off?
Refreshing native plugins compatible for Editor in 0.24 ms, found 0 plugins.
Preloading 0 native plugins for Editor in 0.00 ms.
Unloading 1162 Unused Serialized files (Serialized files now loaded: 0)
System memory in use before: 78.4 MB.
System memory in use after: 78.5 MB.

Unloading 6 unused Assets to reduce memory usage. Loaded Objects now: 1712.
Total: 2.270500 ms (FindLiveObjects: 0.231200 ms CreateObjectMapping: 0.068000 ms MarkObjects: 1.834800 ms  DeleteObjects: 0.134700 ms)

========================================================================
Received Prepare
Registering precompiled user dll's ...
Registered in 0.000654 seconds.
Begin MonoManager ReloadAssembly
Native extension for WindowsStandalone target not found
Refreshing native plugins compatible for Editor in 0.23 ms, found 0 plugins.
Preloading 0 native plugins for Editor in 0.00 ms.
Invoked RoslynAnalysisRunner static constructor.
RoslynAnalysisRunner will not be running.
RoslynAnalysisRunner has terminated.
Mono: successfully reloaded assembly
- Completed reload, in  1.004 seconds
Platform modules already initialized, skipping
Shader 'Toon/Lighted Outline': fallback shader 'Toon/Lighted' not found
WARNING: Shader Unsupported: 'Toon/Lighted Outline' - All subshaders removed
WARNING: Shader Did you use #pragma only_renderers and omit this platform?
WARNING: Shader If subshaders removal was intentional, you may have forgotten turning Fallback off?
WARNING: Shader Unsupported: 'Toon/Lighted Outline' - All subshaders removed
WARNING: Shader Did you use #pragma only_renderers and omit this platform?
WARNING: Shader If subshaders removal was intentional, you may have forgotten turning Fallback off?
Shader 'Toon/Lighted Outline': fallback shader 'Toon/Lighted' not found
WARNING: Shader Unsupported: 'Toon/Lighted Outline' - All subshaders removed
WARNING: Shader Did you use #pragma only_renderers and omit this platform?
WARNING: Shader If subshaders removal was intentional, you may have forgotten turning Fallback off?
WARNING: Shader Unsupported: 'Toon/Lighted Outline' - All subshaders removed
WARNING: Shader Did you use #pragma only_renderers and omit this platform?
WARNING: Shader If subshaders removal was intentional, you may have forgotten turning Fallback off?
Refreshing native plugins compatible for Editor in 0.23 ms, found 0 plugins.
Preloading 0 native plugins for Editor in 0.00 ms.
Unloading 1162 Unused Serialized files (Serialized files now loaded: 0)
System memory in use before: 78.4 MB.
System memory in use after: 78.5 MB.

Unloading 6 unused Assets to reduce memory usage. Loaded Objects now: 1714.
Total: 1.860300 ms (FindLiveObjects: 0.133700 ms CreateObjectMapping: 0.031400 ms MarkObjects: 1.604400 ms  DeleteObjects: 0.089800 ms)

========================================================================
Received Prepare
Registering precompiled user dll's ...
Registered in 0.000832 seconds.
Begin MonoManager ReloadAssembly
Native extension for WindowsStandalone target not found
Refreshing native plugins compatible for Editor in 0.25 ms, found 0 plugins.
Preloading 0 native plugins for Editor in 0.00 ms.
Invoked RoslynAnalysisRunner static constructor.
RoslynAnalysisRunner will not be running.
RoslynAnalysisRunner has terminated.
Mono: successfully reloaded assembly
- Completed reload, in  1.034 seconds
Platform modules already initialized, skipping
Shader 'Toon/Lighted Outline': fallback shader 'Toon/Lighted' not found
WARNING: Shader Unsupported: 'Toon/Lighted Outline' - All subshaders removed
WARNING: Shader Did you use #pragma only_renderers and omit this platform?
WARNING: Shader If subshaders removal was intentional, you may have forgotten turning Fallback off?
WARNING: Shader Unsupported: 'Toon/Lighted Outline' - All subshaders removed
WARNING: Shader Did you use #pragma only_renderers and omit this platform?
WARNING: Shader If subshaders removal was intentional, you may have forgotten turning Fallback off?
Shader 'Toon/Lighted Outline': fallback shader 'Toon/Lighted' not found
WARNING: Shader Unsupported: 'Toon/Lighted Outline' - All subshaders removed
WARNING: Shader Did you use #pragma only_renderers and omit this platform?
WARNING: Shader If subshaders removal was intentional, you may have forgotten turning Fallback off?
WARNING: Shader Unsupported: 'Toon/Lighted Outline' - All subshaders removed
WARNING: Shader Did you use #pragma only_renderers and omit this platform?
WARNING: Shader If subshaders removal was intentional, you may have forgotten turning Fallback off?
Refreshing native plugins compatible for Editor in 0.27 ms, found 0 plugins.
Preloading 0 native plugins for Editor in 0.00 ms.
Unloading 1162 Unused Serialized files (Serialized files now loaded: 0)
System memory in use before: 78.4 MB.
System memory in use after: 78.4 MB.

Unloading 6 unused Assets to reduce memory usage. Loaded Objects now: 1716.
Total: 2.352000 ms (FindLiveObjects: 0.161600 ms CreateObjectMapping: 0.047100 ms MarkObjects: 1.980300 ms  DeleteObjects: 0.161200 ms)

========================================================================
Received Prepare
Registering precompiled user dll's ...
Registered in 0.001250 seconds.
Begin MonoManager ReloadAssembly
Native extension for WindowsStandalone target not found
Refreshing native plugins compatible for Editor in 0.62 ms, found 0 plugins.
Preloading 0 native plugins for Editor in 0.00 ms.
Invoked RoslynAnalysisRunner static constructor.
RoslynAnalysisRunner will not be running.
RoslynAnalysisRunner has terminated.
Mono: successfully reloaded assembly
- Completed reload, in  1.161 seconds
Platform modules already initialized, skipping
Shader 'Toon/Lighted Outline': fallback shader 'Toon/Lighted' not found
WARNING: Shader Unsupported: 'Toon/Lighted Outline' - All subshaders removed
WARNING: Shader Did you use #pragma only_renderers and omit this platform?
WARNING: Shader If subshaders removal was intentional, you may have forgotten turning Fallback off?
WARNING: Shader Unsupported: 'Toon/Lighted Outline' - All subshaders removed
WARNING: Shader Did you use #pragma only_renderers and omit this platform?
WARNING: Shader If subshaders removal was intentional, you may have forgotten turning Fallback off?
Shader 'Toon/Lighted Outline': fallback shader 'Toon/Lighted' not found
WARNING: Shader Unsupported: 'Toon/Lighted Outline' - All subshaders removed
WARNING: Shader Did you use #pragma only_renderers and omit this platform?
WARNING: Shader If subshaders removal was intentional, you may have forgotten turning Fallback off?
WARNING: Shader Unsupported: 'Toon/Lighted Outline' - All subshaders removed
WARNING: Shader Did you use #pragma only_renderers and omit this platform?
WARNING: Shader If subshaders removal was intentional, you may have forgotten turning Fallback off?
Refreshing native plugins compatible for Editor in 0.33 ms, found 0 plugins.
Preloading 0 native plugins for Editor in 0.00 ms.
Unloading 1162 Unused Serialized files (Serialized files now loaded: 0)
System memory in use before: 78.4 MB.
System memory in use after: 78.5 MB.

Unloading 6 unused Assets to reduce memory usage. Loaded Objects now: 1718.
Total: 1.924800 ms (FindLiveObjects: 0.187600 ms CreateObjectMapping: 0.066700 ms MarkObjects: 1.548200 ms  DeleteObjects: 0.120600 ms)

========================================================================
Received Prepare
Registering precompiled user dll's ...
Registered in 0.000764 seconds.
Begin MonoManager ReloadAssembly
Native extension for WindowsStandalone target not found
Refreshing native plugins compatible for Editor in 0.22 ms, found 0 plugins.
Preloading 0 native plugins for Editor in 0.00 ms.
Invoked RoslynAnalysisRunner static constructor.
RoslynAnalysisRunner will not be running.
RoslynAnalysisRunner has terminated.
Mono: successfully reloaded assembly
- Completed reload, in  0.920 seconds
Platform modules already initialized, skipping
Shader 'Toon/Lighted Outline': fallback shader 'Toon/Lighted' not found
WARNING: Shader Unsupported: 'Toon/Lighted Outline' - All subshaders removed
WARNING: Shader Did you use #pragma only_renderers and omit this platform?
WARNING: Shader If subshaders removal was intentional, you may have forgotten turning Fallback off?
WARNING: Shader Unsupported: 'Toon/Lighted Outline' - All subshaders removed
WARNING: Shader Did you use #pragma only_renderers and omit this platform?
WARNING: Shader If subshaders removal was intentional, you may have forgotten turning Fallback off?
Shader 'Toon/Lighted Outline': fallback shader 'Toon/Lighted' not found
WARNING: Shader Unsupported: 'Toon/Lighted Outline' - All subshaders removed
WARNING: Shader Did you use #pragma only_renderers and omit this platform?
WARNING: Shader If subshaders removal was intentional, you may have forgotten turning Fallback off?
WARNING: Shader Unsupported: 'Toon/Lighted Outline' - All subshaders removed
WARNING: Shader Did you use #pragma only_renderers and omit this platform?
WARNING: Shader If subshaders removal was intentional, you may have forgotten turning Fallback off?
Refreshing native plugins compatible for Editor in 0.26 ms, found 0 plugins.
Preloading 0 native plugins for Editor in 0.00 ms.
Unloading 1162 Unused Serialized files (Serialized files now loaded: 0)
System memory in use before: 78.4 MB.
System memory in use after: 78.5 MB.

Unloading 6 unused Assets to reduce memory usage. Loaded Objects now: 1720.
Total: 1.872900 ms (FindLiveObjects: 0.202900 ms CreateObjectMapping: 0.061400 ms MarkObjects: 1.481700 ms  DeleteObjects: 0.125500 ms)

========================================================================
Received Prepare
Registering precompiled user dll's ...
Registered in 0.000695 seconds.
Begin MonoManager ReloadAssembly
Native extension for WindowsStandalone target not found
Refreshing native plugins compatible for Editor in 0.24 ms, found 0 plugins.
Preloading 0 native plugins for Editor in 0.00 ms.
Invoked RoslynAnalysisRunner static constructor.
RoslynAnalysisRunner will not be running.
RoslynAnalysisRunner has terminated.
Mono: successfully reloaded assembly
- Completed reload, in  0.961 seconds
Platform modules already initialized, skipping
Shader 'Toon/Lighted Outline': fallback shader 'Toon/Lighted' not found
WARNING: Shader Unsupported: 'Toon/Lighted Outline' - All subshaders removed
WARNING: Shader Did you use #pragma only_renderers and omit this platform?
WARNING: Shader If subshaders removal was intentional, you may have forgotten turning Fallback off?
WARNING: Shader Unsupported: 'Toon/Lighted Outline' - All subshaders removed
WARNING: Shader Did you use #pragma only_renderers and omit this platform?
WARNING: Shader If subshaders removal was intentional, you may have forgotten turning Fallback off?
Shader 'Toon/Lighted Outline': fallback shader 'Toon/Lighted' not found
WARNING: Shader Unsupported: 'Toon/Lighted Outline' - All subshaders removed
WARNING: Shader Did you use #pragma only_renderers and omit this platform?
WARNING: Shader If subshaders removal was intentional, you may have forgotten turning Fallback off?
WARNING: Shader Unsupported: 'Toon/Lighted Outline' - All subshaders removed
WARNING: Shader Did you use #pragma only_renderers and omit this platform?
WARNING: Shader If subshaders removal was intentional, you may have forgotten turning Fallback off?
Refreshing native plugins compatible for Editor in 0.23 ms, found 0 plugins.
Preloading 0 native plugins for Editor in 0.00 ms.
Unloading 1162 Unused Serialized files (Serialized files now loaded: 0)
System memory in use before: 78.4 MB.
System memory in use after: 78.5 MB.

Unloading 6 unused Assets to reduce memory usage. Loaded Objects now: 1722.
Total: 2.989800 ms (FindLiveObjects: 0.282600 ms CreateObjectMapping: 0.100900 ms MarkObjects: 2.467400 ms  DeleteObjects: 0.137000 ms)

========================================================================
Received Prepare
Registering precompiled user dll's ...
Registered in 0.000684 seconds.
Begin MonoManager ReloadAssembly
Native extension for WindowsStandalone target not found
Refreshing native plugins compatible for Editor in 0.33 ms, found 0 plugins.
Preloading 0 native plugins for Editor in 0.00 ms.
Invoked RoslynAnalysisRunner static constructor.
RoslynAnalysisRunner will not be running.
RoslynAnalysisRunner has terminated.
Mono: successfully reloaded assembly
- Completed reload, in  1.146 seconds
Platform modules already initialized, skipping
Shader 'Toon/Lighted Outline': fallback shader 'Toon/Lighted' not found
WARNING: Shader Unsupported: 'Toon/Lighted Outline' - All subshaders removed
WARNING: Shader Did you use #pragma only_renderers and omit this platform?
WARNING: Shader If subshaders removal was intentional, you may have forgotten turning Fallback off?
WARNING: Shader Unsupported: 'Toon/Lighted Outline' - All subshaders removed
WARNING: Shader Did you use #pragma only_renderers and omit this platform?
WARNING: Shader If subshaders removal was intentional, you may have forgotten turning Fallback off?
Shader 'Toon/Lighted Outline': fallback shader 'Toon/Lighted' not found
WARNING: Shader Unsupported: 'Toon/Lighted Outline' - All subshaders removed
WARNING: Shader Did you use #pragma only_renderers and omit this platform?
WARNING: Shader If subshaders removal was intentional, you may have forgotten turning Fallback off?
WARNING: Shader Unsupported: 'Toon/Lighted Outline' - All subshaders removed
WARNING: Shader Did you use #pragma only_renderers and omit this platform?
WARNING: Shader If subshaders removal was intentional, you may have forgotten turning Fallback off?
Refreshing native plugins compatible for Editor in 0.21 ms, found 0 plugins.
Preloading 0 native plugins for Editor in 0.00 ms.
Unloading 1162 Unused Serialized files (Serialized files now loaded: 0)
System memory in use before: 78.4 MB.
System memory in use after: 78.5 MB.

Unloading 6 unused Assets to reduce memory usage. Loaded Objects now: 1724.
Total: 2.262100 ms (FindLiveObjects: 0.178500 ms CreateObjectMapping: 0.059300 ms MarkObjects: 1.862800 ms  DeleteObjects: 0.159900 ms)

========================================================================
Received Prepare
Registering precompiled user dll's ...
Registered in 0.000841 seconds.
Begin MonoManager ReloadAssembly
Native extension for WindowsStandalone target not found
Refreshing native plugins compatible for Editor in 0.28 ms, found 0 plugins.
Preloading 0 native plugins for Editor in 0.00 ms.
Invoked RoslynAnalysisRunner static constructor.
RoslynAnalysisRunner will not be running.
RoslynAnalysisRunner has terminated.
Mono: successfully reloaded assembly
- Completed reload, in  0.933 seconds
Platform modules already initialized, skipping
Shader 'Toon/Lighted Outline': fallback shader 'Toon/Lighted' not found
WARNING: Shader Unsupported: 'Toon/Lighted Outline' - All subshaders removed
WARNING: Shader Did you use #pragma only_renderers and omit this platform?
WARNING: Shader If subshaders removal was intentional, you may have forgotten turning Fallback off?
WARNING: Shader Unsupported: 'Toon/Lighted Outline' - All subshaders removed
WARNING: Shader Did you use #pragma only_renderers and omit this platform?
WARNING: Shader If subshaders removal was intentional, you may have forgotten turning Fallback off?
Shader 'Toon/Lighted Outline': fallback shader 'Toon/Lighted' not found
WARNING: Shader Unsupported: 'Toon/Lighted Outline' - All subshaders removed
WARNING: Shader Did you use #pragma only_renderers and omit this platform?
WARNING: Shader If subshaders removal was intentional, you may have forgotten turning Fallback off?
WARNING: Shader Unsupported: 'Toon/Lighted Outline' - All subshaders removed
WARNING: Shader Did you use #pragma only_renderers and omit this platform?
WARNING: Shader If subshaders removal was intentional, you may have forgotten turning Fallback off?
Refreshing native plugins compatible for Editor in 0.24 ms, found 0 plugins.
Preloading 0 native plugins for Editor in 0.00 ms.
Unloading 1162 Unused Serialized files (Serialized files now loaded: 0)
System memory in use before: 78.3 MB.
System memory in use after: 78.3 MB.

Unloading 6 unused Assets to reduce memory usage. Loaded Objects now: 1726.
Total: 2.372100 ms (FindLiveObjects: 0.300000 ms CreateObjectMapping: 0.083000 ms MarkObjects: 1.848200 ms  DeleteObjects: 0.137700 ms)

========================================================================
Received Prepare
Registering precompiled user dll's ...
Registered in 0.000919 seconds.
Begin MonoManager ReloadAssembly
Native extension for WindowsStandalone target not found
Refreshing native plugins compatible for Editor in 0.23 ms, found 0 plugins.
Preloading 0 native plugins for Editor in 0.00 ms.
Invoked RoslynAnalysisRunner static constructor.
RoslynAnalysisRunner will not be running.
RoslynAnalysisRunner has terminated.
Mono: successfully reloaded assembly
- Completed reload, in  0.940 seconds
Platform modules already initialized, skipping
Shader 'Toon/Lighted Outline': fallback shader 'Toon/Lighted' not found
WARNING: Shader Unsupported: 'Toon/Lighted Outline' - All subshaders removed
WARNING: Shader Did you use #pragma only_renderers and omit this platform?
WARNING: Shader If subshaders removal was intentional, you may have forgotten turning Fallback off?
WARNING: Shader Unsupported: 'Toon/Lighted Outline' - All subshaders removed
WARNING: Shader Did you use #pragma only_renderers and omit this platform?
WARNING: Shader If subshaders removal was intentional, you may have forgotten turning Fallback off?
Shader 'Toon/Lighted Outline': fallback shader 'Toon/Lighted' not found
WARNING: Shader Unsupported: 'Toon/Lighted Outline' - All subshaders removed
WARNING: Shader Did you use #pragma only_renderers and omit this platform?
WARNING: Shader If subshaders removal was intentional, you may have forgotten turning Fallback off?
WARNING: Shader Unsupported: 'Toon/Lighted Outline' - All subshaders removed
WARNING: Shader Did you use #pragma only_renderers and omit this platform?
WARNING: Shader If subshaders removal was intentional, you may have forgotten turning Fallback off?
Refreshing native plugins compatible for Editor in 0.23 ms, found 0 plugins.
Preloading 0 native plugins for Editor in 0.00 ms.
Unloading 1162 Unused Serialized files (Serialized files now loaded: 0)
System memory in use before: 78.4 MB.
System memory in use after: 78.5 MB.

Unloading 6 unused Assets to reduce memory usage. Loaded Objects now: 1728.
Total: 1.624600 ms (FindLiveObjects: 0.119700 ms CreateObjectMapping: 0.030500 ms MarkObjects: 1.362900 ms  DeleteObjects: 0.110600 ms)

========================================================================
Received Prepare
Registering precompiled user dll's ...
Registered in 0.000695 seconds.
Begin MonoManager ReloadAssembly
Native extension for WindowsStandalone target not found
Refreshing native plugins compatible for Editor in 0.36 ms, found 0 plugins.
Preloading 0 native plugins for Editor in 0.00 ms.
Invoked RoslynAnalysisRunner static constructor.
RoslynAnalysisRunner will not be running.
RoslynAnalysisRunner has terminated.
Mono: successfully reloaded assembly
- Completed reload, in  1.134 seconds
Platform modules already initialized, skipping
Shader 'Toon/Lighted Outline': fallback shader 'Toon/Lighted' not found
WARNING: Shader Unsupported: 'Toon/Lighted Outline' - All subshaders removed
WARNING: Shader Did you use #pragma only_renderers and omit this platform?
WARNING: Shader If subshaders removal was intentional, you may have forgotten turning Fallback off?
WARNING: Shader Unsupported: 'Toon/Lighted Outline' - All subshaders removed
WARNING: Shader Did you use #pragma only_renderers and omit this platform?
WARNING: Shader If subshaders removal was intentional, you may have forgotten turning Fallback off?
Shader 'Toon/Lighted Outline': fallback shader 'Toon/Lighted' not found
WARNING: Shader Unsupported: 'Toon/Lighted Outline' - All subshaders removed
WARNING: Shader Did you use #pragma only_renderers and omit this platform?
WARNING: Shader If subshaders removal was intentional, you may have forgotten turning Fallback off?
WARNING: Shader Unsupported: 'Toon/Lighted Outline' - All subshaders removed
WARNING: Shader Did you use #pragma only_renderers and omit this platform?
WARNING: Shader If subshaders removal was intentional, you may have forgotten turning Fallback off?
Refreshing native plugins compatible for Editor in 0.31 ms, found 0 plugins.
Preloading 0 native plugins for Editor in 0.00 ms.
Unloading 1162 Unused Serialized files (Serialized files now loaded: 0)
System memory in use before: 78.5 MB.
System memory in use after: 78.5 MB.

Unloading 6 unused Assets to reduce memory usage. Loaded Objects now: 1730.
Total: 1.697300 ms (FindLiveObjects: 0.178500 ms CreateObjectMapping: 0.032500 ms MarkObjects: 1.390600 ms  DeleteObjects: 0.094700 ms)

========================================================================
Received Prepare
Shader 'Toon/Lighted Outline': fallback shader 'Toon/Lighted' not found
WARNING: Shader Unsupported: 'Toon/Lighted Outline' - All subshaders removed
WARNING: Shader Did you use #pragma only_renderers and omit this platform?
WARNING: Shader If subshaders removal was intentional, you may have forgotten turning Fallback off?
WARNING: Shader Unsupported: 'Toon/Lighted Outline' - All subshaders removed
WARNING: Shader Did you use #pragma only_renderers and omit this platform?
WARNING: Shader If subshaders removal was intentional, you may have forgotten turning Fallback off?
Shader 'Toon/Lighted Outline': fallback shader 'Toon/Lighted' not found
WARNING: Shader Unsupported: 'Toon/Lighted Outline' - All subshaders removed
WARNING: Shader Did you use #pragma only_renderers and omit this platform?
WARNING: Shader If subshaders removal was intentional, you may have forgotten turning Fallback off?
WARNING: Shader Unsupported: 'Toon/Lighted Outline' - All subshaders removed
WARNING: Shader Did you use #pragma only_renderers and omit this platform?
WARNING: Shader If subshaders removal was intentional, you may have forgotten turning Fallback off?
Refreshing native plugins compatible for Editor in 1.32 ms, found 0 plugins.
Preloading 0 native plugins for Editor in 0.00 ms.
Unloading 4 Unused Serialized files (Serialized files now loaded: 0)
System memory in use before: 55.1 MB.
System memory in use after: 55.2 MB.

Unloading 4 unused Assets to reduce memory usage. Loaded Objects now: 1730.
Total: 2.608800 ms (FindLiveObjects: 0.305200 ms CreateObjectMapping: 0.112600 ms MarkObjects: 2.063500 ms  DeleteObjects: 0.125100 ms)

========================================================================
Received Import Request.
  Time since last request: 1602.414723 seconds.
  path: Assets/Scripts/Prototypes
  artifactKey: Guid(f264f7e36bba16a4086e67be6b50a1e8) Importer(815301076,1909f56bfc062723c751e8b465ee728b)
Start importing Assets/Scripts/Prototypes using Guid(f264f7e36bba16a4086e67be6b50a1e8) Importer(815301076,1909f56bfc062723c751e8b465ee728b)  -> (artifact id: 'bb936b8cadada3ca872a14e4282b771a') in 0.011702 seconds
  Import took 0.013854 seconds .

========================================================================
Received Import Request.
  Time since last request: 0.009623 seconds.
  path: Assets/Scripts/Prototypes
  artifactKey: Guid(f264f7e36bba16a4086e67be6b50a1e8) Importer(815301076,1909f56bfc062723c751e8b465ee728b)
Start importing Assets/Scripts/Prototypes using Guid(f264f7e36bba16a4086e67be6b50a1e8) Importer(815301076,1909f56bfc062723c751e8b465ee728b)  -> (artifact id: 'bb936b8cadada3ca872a14e4282b771a') in 0.005423 seconds
  Import took 0.009218 seconds .

========================================================================
Received Import Request.
  Time since last request: 11.058739 seconds.
  path: Assets/Scripts/Prototypes/InventoryProto.cs
  artifactKey: Guid(eab046b9e58efac40b227c5ff53b0308) Importer(815301076,1909f56bfc062723c751e8b465ee728b)
Start importing Assets/Scripts/Prototypes/InventoryProto.cs using Guid(eab046b9e58efac40b227c5ff53b0308) Importer(815301076,1909f56bfc062723c751e8b465ee728b)  -> (artifact id: 'a2e965307787a49e8195217ed8f436d7') in 0.011975 seconds
  Import took 0.014668 seconds .

========================================================================
Received Import Request.
  Time since last request: 0.025160 seconds.
  path: Assets/Scripts/Prototypes/InventoryProto.cs
  artifactKey: Guid(eab046b9e58efac40b227c5ff53b0308) Importer(815301076,1909f56bfc062723c751e8b465ee728b)
Start importing Assets/Scripts/Prototypes/InventoryProto.cs using Guid(eab046b9e58efac40b227c5ff53b0308) Importer(815301076,1909f56bfc062723c751e8b465ee728b)  -> (artifact id: 'a2e965307787a49e8195217ed8f436d7') in 0.003398 seconds
  Import took 0.007049 seconds .

========================================================================
Received Prepare
Registering precompiled user dll's ...
Registered in 0.001003 seconds.
Begin MonoManager ReloadAssembly
Native extension for WindowsStandalone target not found
Refreshing native plugins compatible for Editor in 0.21 ms, found 0 plugins.
Preloading 0 native plugins for Editor in 0.00 ms.
Invoked RoslynAnalysisRunner static constructor.
RoslynAnalysisRunner will not be running.
RoslynAnalysisRunner has terminated.
Mono: successfully reloaded assembly
- Completed reload, in  0.994 seconds
Platform modules already initialized, skipping
Shader 'Toon/Lighted Outline': fallback shader 'Toon/Lighted' not found
WARNING: Shader Unsupported: 'Toon/Lighted Outline' - All subshaders removed
WARNING: Shader Did you use #pragma only_renderers and omit this platform?
WARNING: Shader If subshaders removal was intentional, you may have forgotten turning Fallback off?
WARNING: Shader Unsupported: 'Toon/Lighted Outline' - All subshaders removed
WARNING: Shader Did you use #pragma only_renderers and omit this platform?
WARNING: Shader If subshaders removal was intentional, you may have forgotten turning Fallback off?
Shader 'Toon/Lighted Outline': fallback shader 'Toon/Lighted' not found
WARNING: Shader Unsupported: 'Toon/Lighted Outline' - All subshaders removed
WARNING: Shader Did you use #pragma only_renderers and omit this platform?
WARNING: Shader If subshaders removal was intentional, you may have forgotten turning Fallback off?
WARNING: Shader Unsupported: 'Toon/Lighted Outline' - All subshaders removed
WARNING: Shader Did you use #pragma only_renderers and omit this platform?
WARNING: Shader If subshaders removal was intentional, you may have forgotten turning Fallback off?
Refreshing native plugins compatible for Editor in 0.38 ms, found 0 plugins.
Preloading 0 native plugins for Editor in 0.00 ms.
Unloading 1163 Unused Serialized files (Serialized files now loaded: 0)
System memory in use before: 78.4 MB.
System memory in use after: 78.5 MB.

Unloading 6 unused Assets to reduce memory usage. Loaded Objects now: 1733.
Total: 2.857600 ms (FindLiveObjects: 0.287200 ms CreateObjectMapping: 0.084900 ms MarkObjects: 2.320400 ms  DeleteObjects: 0.162700 ms)

========================================================================
Received Import Request.
  Time since last request: 13.944148 seconds.
  path: Assets/Scripts/Prototypes/CustomisationProto.cs
  artifactKey: Guid(d83e4e22d990cd043b0f81dd90726f98) Importer(815301076,1909f56bfc062723c751e8b465ee728b)
Start importing Assets/Scripts/Prototypes/CustomisationProto.cs using Guid(d83e4e22d990cd043b0f81dd90726f98) Importer(815301076,1909f56bfc062723c751e8b465ee728b)  -> (artifact id: '7f1b3fe9d0b6c55089de91fbe6d4a6a9') in 0.014528 seconds
  Import took 0.018052 seconds .

========================================================================
Received Import Request.
  Time since last request: 0.032017 seconds.
  path: Assets/Scripts/Prototypes/CustomisationProto.cs
  artifactKey: Guid(d83e4e22d990cd043b0f81dd90726f98) Importer(815301076,1909f56bfc062723c751e8b465ee728b)
Start importing Assets/Scripts/Prototypes/CustomisationProto.cs using Guid(d83e4e22d990cd043b0f81dd90726f98) Importer(815301076,1909f56bfc062723c751e8b465ee728b)  -> (artifact id: '7f1b3fe9d0b6c55089de91fbe6d4a6a9') in 0.004844 seconds
  Import took 0.008571 seconds .

========================================================================
Received Prepare
Registering precompiled user dll's ...
Registered in 0.001078 seconds.
Begin MonoManager ReloadAssembly
Native extension for WindowsStandalone target not found
Refreshing native plugins compatible for Editor in 0.23 ms, found 0 plugins.
Preloading 0 native plugins for Editor in 0.00 ms.
Invoked RoslynAnalysisRunner static constructor.
RoslynAnalysisRunner will not be running.
RoslynAnalysisRunner has terminated.
Mono: successfully reloaded assembly
- Completed reload, in  1.118 seconds
Platform modules already initialized, skipping
Shader 'Toon/Lighted Outline': fallback shader 'Toon/Lighted' not found
WARNING: Shader Unsupported: 'Toon/Lighted Outline' - All subshaders removed
WARNING: Shader Did you use #pragma only_renderers and omit this platform?
WARNING: Shader If subshaders removal was intentional, you may have forgotten turning Fallback off?
WARNING: Shader Unsupported: 'Toon/Lighted Outline' - All subshaders removed
WARNING: Shader Did you use #pragma only_renderers and omit this platform?
WARNING: Shader If subshaders removal was intentional, you may have forgotten turning Fallback off?
Shader 'Toon/Lighted Outline': fallback shader 'Toon/Lighted' not found
WARNING: Shader Unsupported: 'Toon/Lighted Outline' - All subshaders removed
WARNING: Shader Did you use #pragma only_renderers and omit this platform?
WARNING: Shader If subshaders removal was intentional, you may have forgotten turning Fallback off?
WARNING: Shader Unsupported: 'Toon/Lighted Outline' - All subshaders removed
WARNING: Shader Did you use #pragma only_renderers and omit this platform?
WARNING: Shader If subshaders removal was intentional, you may have forgotten turning Fallback off?
Refreshing native plugins compatible for Editor in 0.24 ms, found 0 plugins.
Preloading 0 native plugins for Editor in 0.00 ms.
Unloading 1164 Unused Serialized files (Serialized files now loaded: 0)
System memory in use before: 78.5 MB.
System memory in use after: 78.6 MB.

Unloading 6 unused Assets to reduce memory usage. Loaded Objects now: 1736.
Total: 1.520400 ms (FindLiveObjects: 0.246600 ms CreateObjectMapping: 0.042000 ms MarkObjects: 1.138200 ms  DeleteObjects: 0.091400 ms)

========================================================================
Received Prepare
Registering precompiled user dll's ...
Registered in 0.000783 seconds.
Begin MonoManager ReloadAssembly
Native extension for WindowsStandalone target not found
Refreshing native plugins compatible for Editor in 0.21 ms, found 0 plugins.
Preloading 0 native plugins for Editor in 0.00 ms.
Invoked RoslynAnalysisRunner static constructor.
RoslynAnalysisRunner will not be running.
RoslynAnalysisRunner has terminated.
Mono: successfully reloaded assembly
- Completed reload, in  0.945 seconds
Platform modules already initialized, skipping
Shader 'Toon/Lighted Outline': fallback shader 'Toon/Lighted' not found
WARNING: Shader Unsupported: 'Toon/Lighted Outline' - All subshaders removed
WARNING: Shader Did you use #pragma only_renderers and omit this platform?
WARNING: Shader If subshaders removal was intentional, you may have forgotten turning Fallback off?
WARNING: Shader Unsupported: 'Toon/Lighted Outline' - All subshaders removed
WARNING: Shader Did you use #pragma only_renderers and omit this platform?
WARNING: Shader If subshaders removal was intentional, you may have forgotten turning Fallback off?
Shader 'Toon/Lighted Outline': fallback shader 'Toon/Lighted' not found
WARNING: Shader Unsupported: 'Toon/Lighted Outline' - All subshaders removed
WARNING: Shader Did you use #pragma only_renderers and omit this platform?
WARNING: Shader If subshaders removal was intentional, you may have forgotten turning Fallback off?
WARNING: Shader Unsupported: 'Toon/Lighted Outline' - All subshaders removed
WARNING: Shader Did you use #pragma only_renderers and omit this platform?
WARNING: Shader If subshaders removal was intentional, you may have forgotten turning Fallback off?
Refreshing native plugins compatible for Editor in 0.22 ms, found 0 plugins.
Preloading 0 native plugins for Editor in 0.00 ms.
Unloading 1164 Unused Serialized files (Serialized files now loaded: 0)
System memory in use before: 78.5 MB.
System memory in use after: 78.6 MB.

Unloading 6 unused Assets to reduce memory usage. Loaded Objects now: 1738.
Total: 2.183500 ms (FindLiveObjects: 0.336600 ms CreateObjectMapping: 0.067800 ms MarkObjects: 1.665800 ms  DeleteObjects: 0.111400 ms)

========================================================================
Received Import Request.
  Time since last request: 525.003564 seconds.
  path: Assets/Scripts/Prototypes/CustomisationProto.cs
  artifactKey: Guid(d83e4e22d990cd043b0f81dd90726f98) Importer(815301076,1909f56bfc062723c751e8b465ee728b)
Start importing Assets/Scripts/Prototypes/CustomisationProto.cs using Guid(d83e4e22d990cd043b0f81dd90726f98) Importer(815301076,1909f56bfc062723c751e8b465ee728b)  -> (artifact id: '4b7163bd88d0e314892cea3b007998ea') in 0.009243 seconds
  Import took 0.012361 seconds .

AssetImportWorkerClient::OnTransportError - code=2 error=End of file
